#
# A fatal error has been detected by the Java Runtime Environment:
#
#  SIGSEGV (0xb) at pc=0x00007f074d3b06d4, pid=92103, tid=92121
#
# JRE version: OpenJDK Runtime Environment (11.0.12) (build 11.0.12+0-b1504.28-7817840)
# Java VM: OpenJDK 64-Bit Server VM (11.0.12+0-b1504.28-7817840, mixed mode, tiered, compressed oops, g1 gc, linux-amd64)
# Problematic frame:
# V  [libjvm.so+0x7976d4]  JVMState::debug_start() const+0x4
#
# Core dump will be written. Default location: Core dumps may be processed with "/usr/share/apport/apport -p%p -s%s -c%c -d%d -P%P -u%u -g%g -- %E" (or dumping to /home/i-am-is-are/1) PKM 2022/doctor app/clinet_update/Hallo_Doctor_Client_Firebase/android/core.92103)
#
# If you would like to submit a bug report, please visit:
#   https://bugreport.java.com/bugreport/crash.jsp
#

---------------  S U M M A R Y ------------

Command Line: -Dorg.gradle.appname=gradlew org.gradle.wrapper.GradleWrapperMain -q -Ptarget-platform=android-x86 -Ptarget=/home/i-am-is-are/1) PKM 2022/doctor app/clinet_update/Hallo_Doctor_Client_Firebase/lib/main.dart -Pbase-application-name=android.app.Application -Pdart-defines=RkxVVFRFUl9XRUJfQVVUT19ERVRFQ1Q9dHJ1ZQ== -Pdart-obfuscation=false -Ptrack-widget-creation=true -Ptree-shake-icons=false -Pfilesystem-scheme=org-dartlang-root assembleDebug

Host: Intel(R) Core(TM) i5-8250U CPU @ 1.60GHz, 8 cores, 11G, Ubuntu 22.04.1 LTS
Time: Wed Aug 31 12:42:53 2022 WITA elapsed time: 157.974818 seconds (0d 0h 2m 37s)

---------------  T H R E A D  ---------------

Current thread (0x00007f07481c7800):  JavaThread "C2 CompilerThread0" daemon [_thread_in_native, id=92121, stack(0x00007f07223ff000,0x00007f07224ff000)]


Current CompileTask:
C2: 157975 1482   !   4       org.gradle.internal.logging.console.ThrottlingOutputEventListener::onOutput (92 bytes)

Stack: [0x00007f07223ff000,0x00007f07224ff000],  sp=0x00007f07224fa580,  free space=1005k
Native frames: (J=compiled Java code, A=aot compiled Java code, j=interpreted, Vv=VM code, C=native code)
V  [libjvm.so+0x7976d4]  JVMState::debug_start() const+0x4
V  [libjvm.so+0x804651]  PhaseAggressiveCoalesce::insert_copies(Matcher&)+0x1031
V  [libjvm.so+0x7ace23]  PhaseChaitin::Register_Allocate()+0x2d3
V  [libjvm.so+0x837961]  Compile::Code_Gen()+0x381
V  [libjvm.so+0x834bf2]  Compile::Compile(ciEnv*, C2Compiler*, ciMethod*, int, bool, bool, bool, DirectiveSet*)+0x1062
V  [libjvm.so+0x79106a]  C2Compiler::compile_method(ciEnv*, ciMethod*, int, DirectiveSet*)+0xea
V  [libjvm.so+0x84670f]  CompileBroker::invoke_compiler_on_method(CompileTask*)+0x54f
V  [libjvm.so+0x84609e]  CompileBroker::compiler_thread_loop()+0x3de
V  [libjvm.so+0xe81e78]  JavaThread::thread_main_inner()+0xc8
V  [libjvm.so+0xe7f958]  Thread::call_run()+0x68
V  [libjvm.so+0xd2e93e]  thread_native_entry(Thread*)+0x1be


siginfo: si_signo: 11 (SIGSEGV), si_code: 2 (SEGV_ACCERR), si_addr: 0x00007f06e81dddc8

Register to memory mapping:

RAX=0x00007f06e81dddc0 is an unknown value
RBX=0x00007f06f80bffc0 points into unknown readable memory: 0x00007f074dbba3a0 | a0 a3 bb 4d 07 7f 00 00
RCX=0x000000000000000e is an unknown value
RDX=0x00007f06f815dbe0 points into unknown readable memory: 0x00007f074dc15a20 | 20 5a c1 4d 07 7f 00 00
RSP=0x00007f07224fa580 is pointing into the stack for thread: 0x00007f07481c7800
RBP=0x00007f07224fa580 is pointing into the stack for thread: 0x00007f07481c7800
RSI=0x0 is NULL
RDI=0x00007f06e81dddc0 is an unknown value
R8 =0x0 is NULL
R9 =0x0000000000000001 is an unknown value
R10=0x00007f07224fa780 is pointing into the stack for thread: 0x00007f07481c7800
R11=0x00007f06f81ddf80 points into unknown readable memory: 0x00007f06f81ddfc0 | c0 df 1d f8 06 7f 00 00
R12=0x00007f06f80bffc0 points into unknown readable memory: 0x00007f074dbba3a0 | a0 a3 bb 4d 07 7f 00 00
R13=0x0000000000000019 is an unknown value
R14=0x00007f06f815dc48 points into unknown readable memory: 0x00007f074dbfa7f8 | f8 a7 bf 4d 07 7f 00 00
R15=0x00007f06e81dddc0 is an unknown value


Registers:
RAX=0x00007f06e81dddc0, RBX=0x00007f06f80bffc0, RCX=0x000000000000000e, RDX=0x00007f06f815dbe0
RSP=0x00007f07224fa580, RBP=0x00007f07224fa580, RSI=0x0000000000000000, RDI=0x00007f06e81dddc0
R8 =0x0000000000000000, R9 =0x0000000000000001, R10=0x00007f07224fa780, R11=0x00007f06f81ddf80
R12=0x00007f06f80bffc0, R13=0x0000000000000019, R14=0x00007f06f815dc48, R15=0x00007f06e81dddc0
RIP=0x00007f074d3b06d4, EFLAGS=0x0000000000010206, CSGSFS=0x002b000000000033, ERR=0x0000000000000004
  TRAPNO=0x000000000000000e

Top of Stack: (sp=0x00007f07224fa580)
0x00007f07224fa580:   00007f07224fa630 00007f074d41d651
0x00007f07224fa590:   00007f074db77f18 000000000000008d
0x00007f07224fa5a0:   00007f06f829ce70 0000000000000002
0x00007f07224fa5b0:   00007f06f815dc58 000001dd00000001 

Instructions: (pc=0x00007f074d3b06d4)
0x00007f074d3b05d4:   c7 07 00 00 00 00 48 b8 01 00 00 00 05 00 00 00
0x00007f074d3b05e4:   48 89 47 08 c7 47 10 05 00 00 00 83 c6 05 89 77
0x00007f074d3b05f4:   14 89 77 18 89 77 1c 48 b8 00 00 00 00 ff ff ff
0x00007f074d3b0604:   ff 48 89 47 20 5d c3 0f 1f 44 00 00 55 48 89 e5
0x00007f074d3b0614:   48 89 f8 8b 57 08 89 d1 29 f1 85 c9 7e 4e f7 d6
0x00007f074d3b0624:   01 f2 89 ce 83 e6 07 74 0f 31 ff 90 48 8b 00 83
0x00007f074d3b0634:   c7 01 39 fe 75 f6 29 f9 83 fa 07 72 2f 83 c1 08
0x00007f074d3b0644:   66 2e 0f 1f 84 00 00 00 00 00 66 90 48 8b 00 48
0x00007f074d3b0654:   8b 00 48 8b 00 48 8b 00 48 8b 00 48 8b 00 48 8b
0x00007f074d3b0664:   00 48 8b 00 83 c1 f8 83 f9 08 7f e0 5d c3 66 2e
0x00007f074d3b0674:   0f 1f 84 00 00 00 00 00 0f 1f 40 00 55 48 89 e5
0x00007f074d3b0684:   b0 01 48 39 f7 74 3f 8b 4f 08 3b 4e 08 75 39 66
0x00007f074d3b0694:   2e 0f 1f 84 00 00 00 00 00 0f 1f 00 48 8b 4f 30
0x00007f074d3b06a4:   48 3b 4e 30 75 22 48 85 c9 74 1b 8b 4f 24 3b 4e
0x00007f074d3b06b4:   24 75 15 8b 4f 28 3b 4e 28 75 0d 48 8b 3f 48 8b
0x00007f074d3b06c4:   36 48 39 f7 75 d6 5d c3 31 c0 5d c3 55 48 89 e5
0x00007f074d3b06d4:   8b 4f 08 8d 41 ff 85 c0 7e 52 83 c1 fe 89 c2 83
0x00007f074d3b06e4:   e2 07 74 14 31 f6 66 0f 1f 44 00 00 48 8b 3f 83
0x00007f074d3b06f4:   c6 01 39 f2 75 f6 29 f0 83 f9 07 72 2f 83 c0 08
0x00007f074d3b0704:   66 2e 0f 1f 84 00 00 00 00 00 66 90 48 8b 0f 48
0x00007f074d3b0714:   8b 09 48 8b 09 48 8b 09 48 8b 09 48 8b 09 48 8b
0x00007f074d3b0724:   09 48 8b 39 83 c0 f8 83 f8 08 7f e0 8b 47 0c 5d
0x00007f074d3b0734:   c3 66 2e 0f 1f 84 00 00 00 00 00 90 55 48 89 e5
0x00007f074d3b0744:   8b 47 1c 5d c3 0f 1f 80 00 00 00 00 55 48 89 e5
0x00007f074d3b0754:   31 c0 48 85 ff 74 1e 0f 1f 44 00 00 03 47 10 03
0x00007f074d3b0764:   47 20 8b 4f 0c 03 4f 14 29 c8 03 47 1c 48 8b 3f
0x00007f074d3b0774:   48 85 ff 75 e7 5d c3 0f 1f 44 00 00 55 48 89 e5
0x00007f074d3b0784:   41 57 41 56 53 50 48 89 f3 49 89 ff 4c 8d b6 18
0x00007f074d3b0794:   01 00 00 48 83 7f 30 00 48 8b 86 30 01 00 00 74
0x00007f074d3b07a4:   47 48 83 f8 c0 72 1b 48 8d 15 3a dc b0 ff be 40
0x00007f074d3b07b4:   00 00 00 4c 89 f7 e8 71 36 ef ff 48 8b 83 30 01
0x00007f074d3b07c4:   00 00 48 8d 48 40 48 3b 8b 38 01 00 00 76 5d be 


Stack slot to memory mapping:
stack at sp + 0 slots: 0x00007f07224fa630 is pointing into the stack for thread: 0x00007f07481c7800
stack at sp + 1 slots: 0x00007f074d41d651: <offset 0x0000000000804651> in /opt/android-studio-2021.2.1/android-studio/jre/lib/server/libjvm.so at 0x00007f074cc19000
stack at sp + 2 slots: 0x00007f074db77f18: <offset 0x0000000000f5ef18> in /opt/android-studio-2021.2.1/android-studio/jre/lib/server/libjvm.so at 0x00007f074cc19000
stack at sp + 3 slots: 0x000000000000008d is an unknown value
stack at sp + 4 slots: 0x00007f06f829ce70 points into unknown readable memory: 0x00007f074db77f18 | 18 7f b7 4d 07 7f 00 00
stack at sp + 5 slots: 0x0000000000000002 is an unknown value
stack at sp + 6 slots: 0x00007f06f815dc58 points into unknown readable memory: 0x00007f07224fd018 | 18 d0 4f 22 07 7f 00 00
stack at sp + 7 slots: 0x000001dd00000001 is an unknown value


---------------  P R O C E S S  ---------------

Threads class SMR info:
_java_thread_list=0x00007f0748c1b7d0, length=13, elements={
0x00007f0748014800, 0x00007f07481a9000, 0x00007f07481ad800, 0x00007f07481c3800,
0x00007f07481c5800, 0x00007f07481c7800, 0x00007f07481ca000, 0x00007f07481cc000,
0x00007f0748286000, 0x00007f0748a49000, 0x00007f06dc016000, 0x00007f0748bd4000,
0x00007f0748bd4800
}

Java Threads: ( => current thread )
  0x00007f0748014800 JavaThread "main" [_thread_in_native, id=92110, stack(0x00007f074ca32000,0x00007f074cb32000)]
  0x00007f07481a9000 JavaThread "Reference Handler" daemon [_thread_blocked, id=92117, stack(0x00007f0722d73000,0x00007f0722e73000)]
  0x00007f07481ad800 JavaThread "Finalizer" daemon [_thread_blocked, id=92118, stack(0x00007f0722c73000,0x00007f0722d73000)]
  0x00007f07481c3800 JavaThread "Signal Dispatcher" daemon [_thread_blocked, id=92119, stack(0x00007f07225ff000,0x00007f07226ff000)]
  0x00007f07481c5800 JavaThread "Service Thread" daemon [_thread_blocked, id=92120, stack(0x00007f07224ff000,0x00007f07225ff000)]
=>0x00007f07481c7800 JavaThread "C2 CompilerThread0" daemon [_thread_in_native, id=92121, stack(0x00007f07223ff000,0x00007f07224ff000)]
  0x00007f07481ca000 JavaThread "C1 CompilerThread0" daemon [_thread_blocked, id=92122, stack(0x00007f07222ff000,0x00007f07223ff000)]
  0x00007f07481cc000 JavaThread "Sweeper thread" daemon [_thread_blocked, id=92123, stack(0x00007f07221ff000,0x00007f07222ff000)]
  0x00007f0748286000 JavaThread "Common-Cleaner" daemon [_thread_blocked, id=92125, stack(0x00007f0721ffd000,0x00007f07220fd000)]
  0x00007f0748a49000 JavaThread "pool-1-thread-1" [_thread_blocked, id=92170, stack(0x00007f0721700000,0x00007f0721800000)]
  0x00007f06dc016000 JavaThread "process reaper" daemon [_thread_in_native, id=92188, stack(0x00007f0721a16000,0x00007f0721a38000)]
  0x00007f0748bd4000 JavaThread "DisconnectableInputStream source reader" daemon [_thread_in_native, id=92239, stack(0x00007f0720ad4000,0x00007f0720bd4000)]
  0x00007f0748bd4800 JavaThread "Forward input" [_thread_blocked, id=92240, stack(0x00007f0720cd4000,0x00007f0720dd4000)]

Other Threads:
  0x00007f07481a1000 VMThread "VM Thread" [stack: 0x00007f0722e75000,0x00007f0722f75000] [id=92116]
  0x00007f0748275000 WatcherThread [stack: 0x00007f07220ff000,0x00007f07221ff000] [id=92124]
  0x00007f074802e000 GCTaskThread "GC Thread#0" [stack: 0x00007f074c6cf000,0x00007f074c7cf000] [id=92111]
  0x00007f0714001000 GCTaskThread "GC Thread#1" [stack: 0x00007f0721ccc000,0x00007f0721dcc000] [id=92167]
  0x00007f0714002800 GCTaskThread "GC Thread#2" [stack: 0x00007f0721bca000,0x00007f0721cca000] [id=92168]
  0x00007f0714004000 GCTaskThread "GC Thread#3" [stack: 0x00007f0721ac8000,0x00007f0721bc8000] [id=92169]
  0x00007f0748075800 ConcurrentGCThread "G1 Main Marker" [stack: 0x00007f07340bb000,0x00007f07341bb000] [id=92112]
  0x00007f0748077800 ConcurrentGCThread "G1 Conc#0" [stack: 0x00007f072a260000,0x00007f072a360000] [id=92113]
  0x00007f0748139000 ConcurrentGCThread "G1 Refine#0" [stack: 0x00007f07238fa000,0x00007f07239fa000] [id=92114]
  0x00007f074813b000 ConcurrentGCThread "G1 Young RemSet Sampling" [stack: 0x00007f07237f8000,0x00007f07238f8000] [id=92115]

Threads with active compile tasks:
C2 CompilerThread0 158043 1482   !   4       org.gradle.internal.logging.console.ThrottlingOutputEventListener::onOutput (92 bytes)

VM state:not at safepoint (normal execution)

VM Mutex/Monitor currently owned by a thread: None

Heap address: 0x0000000746c00000, size: 2964 MB, Compressed Oops mode: Zero based, Oop shift amount: 3
Narrow klass base: 0x0000000800000000, Narrow klass shift: 0
Compressed class space size: 1073741824 Address: 0x0000000800000000

Heap:
 garbage-first heap   total 190464K, used 34596K [0x0000000746c00000, 0x0000000800000000)
  region size 1024K, 29 young (29696K), 3 survivors (3072K)
 Metaspace       used 16375K, capacity 16715K, committed 17152K, reserved 1064960K
  class space    used 1836K, capacity 1979K, committed 2048K, reserved 1048576K
Heap Regions: E=young(eden), S=young(survivor), O=old, HS=humongous(starts), HC=humongous(continues), CS=collection set, F=free, A=archive, TAMS=top-at-mark-start (previous, next)
|   0|0x0000000746c00000, 0x0000000746c00000, 0x0000000746d00000|  0%| F|  |TAMS 0x0000000746c00000, 0x0000000746c00000| Untracked 
|   1|0x0000000746d00000, 0x0000000746d00000, 0x0000000746e00000|  0%| F|  |TAMS 0x0000000746d00000, 0x0000000746d00000| Untracked 
|   2|0x0000000746e00000, 0x0000000746e00000, 0x0000000746f00000|  0%| F|  |TAMS 0x0000000746e00000, 0x0000000746e00000| Untracked 
|   3|0x0000000746f00000, 0x0000000747000000, 0x0000000747000000|100%|HS|  |TAMS 0x0000000746f00000, 0x0000000746f00000| Complete 
|   4|0x0000000747000000, 0x0000000747100000, 0x0000000747100000|100%|HC|  |TAMS 0x0000000747000000, 0x0000000747000000| Complete 
|   5|0x0000000747100000, 0x0000000747200000, 0x0000000747200000|100%|HC|  |TAMS 0x0000000747100000, 0x0000000747100000| Complete 
|   6|0x0000000747200000, 0x0000000747300000, 0x0000000747300000|100%| O|  |TAMS 0x0000000747200000, 0x0000000747200000| Untracked 
|   7|0x0000000747300000, 0x0000000747400000, 0x0000000747400000|100%| O|  |TAMS 0x0000000747300000, 0x0000000747300000| Untracked 
|   8|0x0000000747400000, 0x00000007474c9200, 0x0000000747500000| 78%| O|  |TAMS 0x0000000747400000, 0x0000000747400000| Untracked 
|   9|0x0000000747500000, 0x0000000747500000, 0x0000000747600000|  0%| F|  |TAMS 0x0000000747500000, 0x0000000747500000| Untracked 
|  10|0x0000000747600000, 0x0000000747600000, 0x0000000747700000|  0%| F|  |TAMS 0x0000000747600000, 0x0000000747600000| Untracked 
|  11|0x0000000747700000, 0x0000000747700000, 0x0000000747800000|  0%| F|  |TAMS 0x0000000747700000, 0x0000000747700000| Untracked 
|  12|0x0000000747800000, 0x0000000747800000, 0x0000000747900000|  0%| F|  |TAMS 0x0000000747800000, 0x0000000747800000| Untracked 
|  13|0x0000000747900000, 0x0000000747900000, 0x0000000747a00000|  0%| F|  |TAMS 0x0000000747900000, 0x0000000747900000| Untracked 
|  14|0x0000000747a00000, 0x0000000747a00000, 0x0000000747b00000|  0%| F|  |TAMS 0x0000000747a00000, 0x0000000747a00000| Untracked 
|  15|0x0000000747b00000, 0x0000000747b00000, 0x0000000747c00000|  0%| F|  |TAMS 0x0000000747b00000, 0x0000000747b00000| Untracked 
|  16|0x0000000747c00000, 0x0000000747c00000, 0x0000000747d00000|  0%| F|  |TAMS 0x0000000747c00000, 0x0000000747c00000| Untracked 
|  17|0x0000000747d00000, 0x0000000747d00000, 0x0000000747e00000|  0%| F|  |TAMS 0x0000000747d00000, 0x0000000747d00000| Untracked 
|  18|0x0000000747e00000, 0x0000000747e00000, 0x0000000747f00000|  0%| F|  |TAMS 0x0000000747e00000, 0x0000000747e00000| Untracked 
|  19|0x0000000747f00000, 0x0000000747f00000, 0x0000000748000000|  0%| F|  |TAMS 0x0000000747f00000, 0x0000000747f00000| Untracked 
|  20|0x0000000748000000, 0x0000000748000000, 0x0000000748100000|  0%| F|  |TAMS 0x0000000748000000, 0x0000000748000000| Untracked 
|  21|0x0000000748100000, 0x0000000748100000, 0x0000000748200000|  0%| F|  |TAMS 0x0000000748100000, 0x0000000748100000| Untracked 
|  22|0x0000000748200000, 0x0000000748200000, 0x0000000748300000|  0%| F|  |TAMS 0x0000000748200000, 0x0000000748200000| Untracked 
|  23|0x0000000748300000, 0x0000000748300000, 0x0000000748400000|  0%| F|  |TAMS 0x0000000748300000, 0x0000000748300000| Untracked 
|  24|0x0000000748400000, 0x0000000748400000, 0x0000000748500000|  0%| F|  |TAMS 0x0000000748400000, 0x0000000748400000| Untracked 
|  25|0x0000000748500000, 0x0000000748500000, 0x0000000748600000|  0%| F|  |TAMS 0x0000000748500000, 0x0000000748500000| Untracked 
|  26|0x0000000748600000, 0x0000000748600000, 0x0000000748700000|  0%| F|  |TAMS 0x0000000748600000, 0x0000000748600000| Untracked 
|  27|0x0000000748700000, 0x0000000748700000, 0x0000000748800000|  0%| F|  |TAMS 0x0000000748700000, 0x0000000748700000| Untracked 
|  28|0x0000000748800000, 0x0000000748800000, 0x0000000748900000|  0%| F|  |TAMS 0x0000000748800000, 0x0000000748800000| Untracked 
|  29|0x0000000748900000, 0x0000000748900000, 0x0000000748a00000|  0%| F|  |TAMS 0x0000000748900000, 0x0000000748900000| Untracked 
|  30|0x0000000748a00000, 0x0000000748a00000, 0x0000000748b00000|  0%| F|  |TAMS 0x0000000748a00000, 0x0000000748a00000| Untracked 
|  31|0x0000000748b00000, 0x0000000748b00000, 0x0000000748c00000|  0%| F|  |TAMS 0x0000000748b00000, 0x0000000748b00000| Untracked 
|  32|0x0000000748c00000, 0x0000000748c00000, 0x0000000748d00000|  0%| F|  |TAMS 0x0000000748c00000, 0x0000000748c00000| Untracked 
|  33|0x0000000748d00000, 0x0000000748d00000, 0x0000000748e00000|  0%| F|  |TAMS 0x0000000748d00000, 0x0000000748d00000| Untracked 
|  34|0x0000000748e00000, 0x0000000748e00000, 0x0000000748f00000|  0%| F|  |TAMS 0x0000000748e00000, 0x0000000748e00000| Untracked 
|  35|0x0000000748f00000, 0x0000000748f00000, 0x0000000749000000|  0%| F|  |TAMS 0x0000000748f00000, 0x0000000748f00000| Untracked 
|  36|0x0000000749000000, 0x0000000749000000, 0x0000000749100000|  0%| F|  |TAMS 0x0000000749000000, 0x0000000749000000| Untracked 
|  37|0x0000000749100000, 0x0000000749100000, 0x0000000749200000|  0%| F|  |TAMS 0x0000000749100000, 0x0000000749100000| Untracked 
|  38|0x0000000749200000, 0x0000000749200000, 0x0000000749300000|  0%| F|  |TAMS 0x0000000749200000, 0x0000000749200000| Untracked 
|  39|0x0000000749300000, 0x0000000749300000, 0x0000000749400000|  0%| F|  |TAMS 0x0000000749300000, 0x0000000749300000| Untracked 
|  40|0x0000000749400000, 0x0000000749400000, 0x0000000749500000|  0%| F|  |TAMS 0x0000000749400000, 0x0000000749400000| Untracked 
|  41|0x0000000749500000, 0x0000000749500000, 0x0000000749600000|  0%| F|  |TAMS 0x0000000749500000, 0x0000000749500000| Untracked 
|  42|0x0000000749600000, 0x0000000749600000, 0x0000000749700000|  0%| F|  |TAMS 0x0000000749600000, 0x0000000749600000| Untracked 
|  43|0x0000000749700000, 0x0000000749700000, 0x0000000749800000|  0%| F|  |TAMS 0x0000000749700000, 0x0000000749700000| Untracked 
|  44|0x0000000749800000, 0x0000000749800000, 0x0000000749900000|  0%| F|  |TAMS 0x0000000749800000, 0x0000000749800000| Untracked 
|  45|0x0000000749900000, 0x0000000749900000, 0x0000000749a00000|  0%| F|  |TAMS 0x0000000749900000, 0x0000000749900000| Untracked 
|  46|0x0000000749a00000, 0x0000000749a00000, 0x0000000749b00000|  0%| F|  |TAMS 0x0000000749a00000, 0x0000000749a00000| Untracked 
|  47|0x0000000749b00000, 0x0000000749b00000, 0x0000000749c00000|  0%| F|  |TAMS 0x0000000749b00000, 0x0000000749b00000| Untracked 
|  48|0x0000000749c00000, 0x0000000749c00000, 0x0000000749d00000|  0%| F|  |TAMS 0x0000000749c00000, 0x0000000749c00000| Untracked 
|  49|0x0000000749d00000, 0x0000000749d00000, 0x0000000749e00000|  0%| F|  |TAMS 0x0000000749d00000, 0x0000000749d00000| Untracked 
|  50|0x0000000749e00000, 0x0000000749e00000, 0x0000000749f00000|  0%| F|  |TAMS 0x0000000749e00000, 0x0000000749e00000| Untracked 
|  51|0x0000000749f00000, 0x0000000749f00000, 0x000000074a000000|  0%| F|  |TAMS 0x0000000749f00000, 0x0000000749f00000| Untracked 
|  52|0x000000074a000000, 0x000000074a000000, 0x000000074a100000|  0%| F|  |TAMS 0x000000074a000000, 0x000000074a000000| Untracked 
|  53|0x000000074a100000, 0x000000074a100000, 0x000000074a200000|  0%| F|  |TAMS 0x000000074a100000, 0x000000074a100000| Untracked 
|  54|0x000000074a200000, 0x000000074a200000, 0x000000074a300000|  0%| F|  |TAMS 0x000000074a200000, 0x000000074a200000| Untracked 
|  55|0x000000074a300000, 0x000000074a300000, 0x000000074a400000|  0%| F|  |TAMS 0x000000074a300000, 0x000000074a300000| Untracked 
|  56|0x000000074a400000, 0x000000074a400000, 0x000000074a500000|  0%| F|  |TAMS 0x000000074a400000, 0x000000074a400000| Untracked 
|  57|0x000000074a500000, 0x000000074a500000, 0x000000074a600000|  0%| F|  |TAMS 0x000000074a500000, 0x000000074a500000| Untracked 
|  58|0x000000074a600000, 0x000000074a600000, 0x000000074a700000|  0%| F|  |TAMS 0x000000074a600000, 0x000000074a600000| Untracked 
|  59|0x000000074a700000, 0x000000074a700000, 0x000000074a800000|  0%| F|  |TAMS 0x000000074a700000, 0x000000074a700000| Untracked 
|  60|0x000000074a800000, 0x000000074a800000, 0x000000074a900000|  0%| F|  |TAMS 0x000000074a800000, 0x000000074a800000| Untracked 
|  61|0x000000074a900000, 0x000000074a900000, 0x000000074aa00000|  0%| F|  |TAMS 0x000000074a900000, 0x000000074a900000| Untracked 
|  62|0x000000074aa00000, 0x000000074aa00000, 0x000000074ab00000|  0%| F|  |TAMS 0x000000074aa00000, 0x000000074aa00000| Untracked 
|  63|0x000000074ab00000, 0x000000074ab00000, 0x000000074ac00000|  0%| F|  |TAMS 0x000000074ab00000, 0x000000074ab00000| Untracked 
|  64|0x000000074ac00000, 0x000000074ac00000, 0x000000074ad00000|  0%| F|  |TAMS 0x000000074ac00000, 0x000000074ac00000| Untracked 
|  65|0x000000074ad00000, 0x000000074ad00000, 0x000000074ae00000|  0%| F|  |TAMS 0x000000074ad00000, 0x000000074ad00000| Untracked 
|  66|0x000000074ae00000, 0x000000074ae00000, 0x000000074af00000|  0%| F|  |TAMS 0x000000074ae00000, 0x000000074ae00000| Untracked 
|  67|0x000000074af00000, 0x000000074af00000, 0x000000074b000000|  0%| F|  |TAMS 0x000000074af00000, 0x000000074af00000| Untracked 
|  68|0x000000074b000000, 0x000000074b000000, 0x000000074b100000|  0%| F|  |TAMS 0x000000074b000000, 0x000000074b000000| Untracked 
|  69|0x000000074b100000, 0x000000074b100000, 0x000000074b200000|  0%| F|  |TAMS 0x000000074b100000, 0x000000074b100000| Untracked 
|  70|0x000000074b200000, 0x000000074b200000, 0x000000074b300000|  0%| F|  |TAMS 0x000000074b200000, 0x000000074b200000| Untracked 
|  71|0x000000074b300000, 0x000000074b300000, 0x000000074b400000|  0%| F|  |TAMS 0x000000074b300000, 0x000000074b300000| Untracked 
|  72|0x000000074b400000, 0x000000074b400000, 0x000000074b500000|  0%| F|  |TAMS 0x000000074b400000, 0x000000074b400000| Untracked 
|  73|0x000000074b500000, 0x000000074b500000, 0x000000074b600000|  0%| F|  |TAMS 0x000000074b500000, 0x000000074b500000| Untracked 
|  74|0x000000074b600000, 0x000000074b600000, 0x000000074b700000|  0%| F|  |TAMS 0x000000074b600000, 0x000000074b600000| Untracked 
|  75|0x000000074b700000, 0x000000074b700000, 0x000000074b800000|  0%| F|  |TAMS 0x000000074b700000, 0x000000074b700000| Untracked 
|  76|0x000000074b800000, 0x000000074b800000, 0x000000074b900000|  0%| F|  |TAMS 0x000000074b800000, 0x000000074b800000| Untracked 
|  77|0x000000074b900000, 0x000000074b900000, 0x000000074ba00000|  0%| F|  |TAMS 0x000000074b900000, 0x000000074b900000| Untracked 
|  78|0x000000074ba00000, 0x000000074ba00000, 0x000000074bb00000|  0%| F|  |TAMS 0x000000074ba00000, 0x000000074ba00000| Untracked 
|  79|0x000000074bb00000, 0x000000074bb00000, 0x000000074bc00000|  0%| F|  |TAMS 0x000000074bb00000, 0x000000074bb00000| Untracked 
|  80|0x000000074bc00000, 0x000000074bc00000, 0x000000074bd00000|  0%| F|  |TAMS 0x000000074bc00000, 0x000000074bc00000| Untracked 
|  81|0x000000074bd00000, 0x000000074bd00000, 0x000000074be00000|  0%| F|  |TAMS 0x000000074bd00000, 0x000000074bd00000| Untracked 
|  82|0x000000074be00000, 0x000000074be00000, 0x000000074bf00000|  0%| F|  |TAMS 0x000000074be00000, 0x000000074be00000| Untracked 
|  83|0x000000074bf00000, 0x000000074bf00000, 0x000000074c000000|  0%| F|  |TAMS 0x000000074bf00000, 0x000000074bf00000| Untracked 
|  84|0x000000074c000000, 0x000000074c000000, 0x000000074c100000|  0%| F|  |TAMS 0x000000074c000000, 0x000000074c000000| Untracked 
|  85|0x000000074c100000, 0x000000074c100000, 0x000000074c200000|  0%| F|  |TAMS 0x000000074c100000, 0x000000074c100000| Untracked 
|  86|0x000000074c200000, 0x000000074c200000, 0x000000074c300000|  0%| F|  |TAMS 0x000000074c200000, 0x000000074c200000| Untracked 
|  87|0x000000074c300000, 0x000000074c300000, 0x000000074c400000|  0%| F|  |TAMS 0x000000074c300000, 0x000000074c300000| Untracked 
|  88|0x000000074c400000, 0x000000074c400000, 0x000000074c500000|  0%| F|  |TAMS 0x000000074c400000, 0x000000074c400000| Untracked 
|  89|0x000000074c500000, 0x000000074c500000, 0x000000074c600000|  0%| F|  |TAMS 0x000000074c500000, 0x000000074c500000| Untracked 
|  90|0x000000074c600000, 0x000000074c600000, 0x000000074c700000|  0%| F|  |TAMS 0x000000074c600000, 0x000000074c600000| Untracked 
|  91|0x000000074c700000, 0x000000074c700000, 0x000000074c800000|  0%| F|  |TAMS 0x000000074c700000, 0x000000074c700000| Untracked 
|  92|0x000000074c800000, 0x000000074c800000, 0x000000074c900000|  0%| F|  |TAMS 0x000000074c800000, 0x000000074c800000| Untracked 
|  93|0x000000074c900000, 0x000000074c900000, 0x000000074ca00000|  0%| F|  |TAMS 0x000000074c900000, 0x000000074c900000| Untracked 
|  94|0x000000074ca00000, 0x000000074ca00000, 0x000000074cb00000|  0%| F|  |TAMS 0x000000074ca00000, 0x000000074ca00000| Untracked 
|  95|0x000000074cb00000, 0x000000074cb00000, 0x000000074cc00000|  0%| F|  |TAMS 0x000000074cb00000, 0x000000074cb00000| Untracked 
|  96|0x000000074cc00000, 0x000000074cc00000, 0x000000074cd00000|  0%| F|  |TAMS 0x000000074cc00000, 0x000000074cc00000| Untracked 
|  97|0x000000074cd00000, 0x000000074cd00000, 0x000000074ce00000|  0%| F|  |TAMS 0x000000074cd00000, 0x000000074cd00000| Untracked 
|  98|0x000000074ce00000, 0x000000074ce00000, 0x000000074cf00000|  0%| F|  |TAMS 0x000000074ce00000, 0x000000074ce00000| Untracked 
|  99|0x000000074cf00000, 0x000000074cf00000, 0x000000074d000000|  0%| F|  |TAMS 0x000000074cf00000, 0x000000074cf00000| Untracked 
| 100|0x000000074d000000, 0x000000074d000000, 0x000000074d100000|  0%| F|  |TAMS 0x000000074d000000, 0x000000074d000000| Untracked 
| 101|0x000000074d100000, 0x000000074d100000, 0x000000074d200000|  0%| F|  |TAMS 0x000000074d100000, 0x000000074d100000| Untracked 
| 102|0x000000074d200000, 0x000000074d200000, 0x000000074d300000|  0%| F|  |TAMS 0x000000074d200000, 0x000000074d200000| Untracked 
| 103|0x000000074d300000, 0x000000074d300000, 0x000000074d400000|  0%| F|  |TAMS 0x000000074d300000, 0x000000074d300000| Untracked 
| 104|0x000000074d400000, 0x000000074d400000, 0x000000074d500000|  0%| F|  |TAMS 0x000000074d400000, 0x000000074d400000| Untracked 
| 105|0x000000074d500000, 0x000000074d500000, 0x000000074d600000|  0%| F|  |TAMS 0x000000074d500000, 0x000000074d500000| Untracked 
| 106|0x000000074d600000, 0x000000074d600000, 0x000000074d700000|  0%| F|  |TAMS 0x000000074d600000, 0x000000074d600000| Untracked 
| 107|0x000000074d700000, 0x000000074d700000, 0x000000074d800000|  0%| F|  |TAMS 0x000000074d700000, 0x000000074d700000| Untracked 
| 108|0x000000074d800000, 0x000000074d800000, 0x000000074d900000|  0%| F|  |TAMS 0x000000074d800000, 0x000000074d800000| Untracked 
| 109|0x000000074d900000, 0x000000074d900000, 0x000000074da00000|  0%| F|  |TAMS 0x000000074d900000, 0x000000074d900000| Untracked 
| 110|0x000000074da00000, 0x000000074da00000, 0x000000074db00000|  0%| F|  |TAMS 0x000000074da00000, 0x000000074da00000| Untracked 
| 111|0x000000074db00000, 0x000000074db00000, 0x000000074dc00000|  0%| F|  |TAMS 0x000000074db00000, 0x000000074db00000| Untracked 
| 112|0x000000074dc00000, 0x000000074dc00000, 0x000000074dd00000|  0%| F|  |TAMS 0x000000074dc00000, 0x000000074dc00000| Untracked 
| 113|0x000000074dd00000, 0x000000074dd00000, 0x000000074de00000|  0%| F|  |TAMS 0x000000074dd00000, 0x000000074dd00000| Untracked 
| 114|0x000000074de00000, 0x000000074de00000, 0x000000074df00000|  0%| F|  |TAMS 0x000000074de00000, 0x000000074de00000| Untracked 
| 115|0x000000074df00000, 0x000000074df00000, 0x000000074e000000|  0%| F|  |TAMS 0x000000074df00000, 0x000000074df00000| Untracked 
| 116|0x000000074e000000, 0x000000074e000000, 0x000000074e100000|  0%| F|  |TAMS 0x000000074e000000, 0x000000074e000000| Untracked 
| 117|0x000000074e100000, 0x000000074e100000, 0x000000074e200000|  0%| F|  |TAMS 0x000000074e100000, 0x000000074e100000| Untracked 
| 118|0x000000074e200000, 0x000000074e200000, 0x000000074e300000|  0%| F|  |TAMS 0x000000074e200000, 0x000000074e200000| Untracked 
| 119|0x000000074e300000, 0x000000074e300000, 0x000000074e400000|  0%| F|  |TAMS 0x000000074e300000, 0x000000074e300000| Untracked 
| 120|0x000000074e400000, 0x000000074e400000, 0x000000074e500000|  0%| F|  |TAMS 0x000000074e400000, 0x000000074e400000| Untracked 
| 121|0x000000074e500000, 0x000000074e500000, 0x000000074e600000|  0%| F|  |TAMS 0x000000074e500000, 0x000000074e500000| Untracked 
| 122|0x000000074e600000, 0x000000074e600000, 0x000000074e700000|  0%| F|  |TAMS 0x000000074e600000, 0x000000074e600000| Untracked 
| 123|0x000000074e700000, 0x000000074e700000, 0x000000074e800000|  0%| F|  |TAMS 0x000000074e700000, 0x000000074e700000| Untracked 
| 124|0x000000074e800000, 0x000000074e800000, 0x000000074e900000|  0%| F|  |TAMS 0x000000074e800000, 0x000000074e800000| Untracked 
| 125|0x000000074e900000, 0x000000074e900000, 0x000000074ea00000|  0%| F|  |TAMS 0x000000074e900000, 0x000000074e900000| Untracked 
| 126|0x000000074ea00000, 0x000000074ea00000, 0x000000074eb00000|  0%| F|  |TAMS 0x000000074ea00000, 0x000000074ea00000| Untracked 
| 127|0x000000074eb00000, 0x000000074eb00000, 0x000000074ec00000|  0%| F|  |TAMS 0x000000074eb00000, 0x000000074eb00000| Untracked 
| 128|0x000000074ec00000, 0x000000074ec00000, 0x000000074ed00000|  0%| F|  |TAMS 0x000000074ec00000, 0x000000074ec00000| Untracked 
| 129|0x000000074ed00000, 0x000000074ed00000, 0x000000074ee00000|  0%| F|  |TAMS 0x000000074ed00000, 0x000000074ed00000| Untracked 
| 130|0x000000074ee00000, 0x000000074ee00000, 0x000000074ef00000|  0%| F|  |TAMS 0x000000074ee00000, 0x000000074ee00000| Untracked 
| 131|0x000000074ef00000, 0x000000074ef00000, 0x000000074f000000|  0%| F|  |TAMS 0x000000074ef00000, 0x000000074ef00000| Untracked 
| 132|0x000000074f000000, 0x000000074f000000, 0x000000074f100000|  0%| F|  |TAMS 0x000000074f000000, 0x000000074f000000| Untracked 
| 133|0x000000074f100000, 0x000000074f100000, 0x000000074f200000|  0%| F|  |TAMS 0x000000074f100000, 0x000000074f100000| Untracked 
| 134|0x000000074f200000, 0x000000074f200000, 0x000000074f300000|  0%| F|  |TAMS 0x000000074f200000, 0x000000074f200000| Untracked 
| 135|0x000000074f300000, 0x000000074f300000, 0x000000074f400000|  0%| F|  |TAMS 0x000000074f300000, 0x000000074f300000| Untracked 
| 136|0x000000074f400000, 0x000000074f400000, 0x000000074f500000|  0%| F|  |TAMS 0x000000074f400000, 0x000000074f400000| Untracked 
| 137|0x000000074f500000, 0x000000074f500000, 0x000000074f600000|  0%| F|  |TAMS 0x000000074f500000, 0x000000074f500000| Untracked 
| 138|0x000000074f600000, 0x000000074f600000, 0x000000074f700000|  0%| F|  |TAMS 0x000000074f600000, 0x000000074f600000| Untracked 
| 139|0x000000074f700000, 0x000000074f700000, 0x000000074f800000|  0%| F|  |TAMS 0x000000074f700000, 0x000000074f700000| Untracked 
| 140|0x000000074f800000, 0x000000074f800000, 0x000000074f900000|  0%| F|  |TAMS 0x000000074f800000, 0x000000074f800000| Untracked 
| 141|0x000000074f900000, 0x000000074f900000, 0x000000074fa00000|  0%| F|  |TAMS 0x000000074f900000, 0x000000074f900000| Untracked 
| 142|0x000000074fa00000, 0x000000074fa00000, 0x000000074fb00000|  0%| F|  |TAMS 0x000000074fa00000, 0x000000074fa00000| Untracked 
| 143|0x000000074fb00000, 0x000000074fb00000, 0x000000074fc00000|  0%| F|  |TAMS 0x000000074fb00000, 0x000000074fb00000| Untracked 
| 144|0x000000074fc00000, 0x000000074fc00000, 0x000000074fd00000|  0%| F|  |TAMS 0x000000074fc00000, 0x000000074fc00000| Untracked 
| 145|0x000000074fd00000, 0x000000074fd00000, 0x000000074fe00000|  0%| F|  |TAMS 0x000000074fd00000, 0x000000074fd00000| Untracked 
| 146|0x000000074fe00000, 0x000000074fe00000, 0x000000074ff00000|  0%| F|  |TAMS 0x000000074fe00000, 0x000000074fe00000| Untracked 
| 147|0x000000074ff00000, 0x000000074ff00000, 0x0000000750000000|  0%| F|  |TAMS 0x000000074ff00000, 0x000000074ff00000| Untracked 
| 148|0x0000000750000000, 0x0000000750000000, 0x0000000750100000|  0%| F|  |TAMS 0x0000000750000000, 0x0000000750000000| Untracked 
| 149|0x0000000750100000, 0x0000000750100000, 0x0000000750200000|  0%| F|  |TAMS 0x0000000750100000, 0x0000000750100000| Untracked 
| 150|0x0000000750200000, 0x0000000750200000, 0x0000000750300000|  0%| F|  |TAMS 0x0000000750200000, 0x0000000750200000| Untracked 
| 151|0x0000000750300000, 0x0000000750300000, 0x0000000750400000|  0%| F|  |TAMS 0x0000000750300000, 0x0000000750300000| Untracked 
| 152|0x0000000750400000, 0x0000000750400000, 0x0000000750500000|  0%| F|  |TAMS 0x0000000750400000, 0x0000000750400000| Untracked 
| 153|0x0000000750500000, 0x0000000750500000, 0x0000000750600000|  0%| F|  |TAMS 0x0000000750500000, 0x0000000750500000| Untracked 
| 154|0x0000000750600000, 0x0000000750600000, 0x0000000750700000|  0%| F|  |TAMS 0x0000000750600000, 0x0000000750600000| Untracked 
| 155|0x0000000750700000, 0x0000000750700000, 0x0000000750800000|  0%| F|  |TAMS 0x0000000750700000, 0x0000000750700000| Untracked 
| 156|0x0000000750800000, 0x0000000750800000, 0x0000000750900000|  0%| F|  |TAMS 0x0000000750800000, 0x0000000750800000| Untracked 
| 157|0x0000000750900000, 0x0000000750a00000, 0x0000000750a00000|100%| E|  |TAMS 0x0000000750900000, 0x0000000750900000| Complete 
| 158|0x0000000750a00000, 0x0000000750b00000, 0x0000000750b00000|100%| E|CS|TAMS 0x0000000750a00000, 0x0000000750a00000| Complete 
| 159|0x0000000750b00000, 0x0000000750c00000, 0x0000000750c00000|100%| S|CS|TAMS 0x0000000750b00000, 0x0000000750b00000| Complete 
| 160|0x0000000750c00000, 0x0000000750d00000, 0x0000000750d00000|100%| S|CS|TAMS 0x0000000750c00000, 0x0000000750c00000| Complete 
| 161|0x0000000750d00000, 0x0000000750e00000, 0x0000000750e00000|100%| S|CS|TAMS 0x0000000750d00000, 0x0000000750d00000| Complete 
| 162|0x0000000750e00000, 0x0000000750f00000, 0x0000000750f00000|100%| E|CS|TAMS 0x0000000750e00000, 0x0000000750e00000| Complete 
| 163|0x0000000750f00000, 0x0000000751000000, 0x0000000751000000|100%| E|CS|TAMS 0x0000000750f00000, 0x0000000750f00000| Complete 
| 164|0x0000000751000000, 0x0000000751100000, 0x0000000751100000|100%| E|CS|TAMS 0x0000000751000000, 0x0000000751000000| Complete 
| 165|0x0000000751100000, 0x0000000751200000, 0x0000000751200000|100%| E|CS|TAMS 0x0000000751100000, 0x0000000751100000| Complete 
| 166|0x0000000751200000, 0x0000000751300000, 0x0000000751300000|100%| E|CS|TAMS 0x0000000751200000, 0x0000000751200000| Complete 
| 167|0x0000000751300000, 0x0000000751400000, 0x0000000751400000|100%| E|CS|TAMS 0x0000000751300000, 0x0000000751300000| Complete 
| 168|0x0000000751400000, 0x0000000751500000, 0x0000000751500000|100%| E|CS|TAMS 0x0000000751400000, 0x0000000751400000| Complete 
| 169|0x0000000751500000, 0x0000000751600000, 0x0000000751600000|100%| E|CS|TAMS 0x0000000751500000, 0x0000000751500000| Complete 
| 170|0x0000000751600000, 0x0000000751700000, 0x0000000751700000|100%| E|CS|TAMS 0x0000000751600000, 0x0000000751600000| Complete 
| 171|0x0000000751700000, 0x0000000751800000, 0x0000000751800000|100%| E|CS|TAMS 0x0000000751700000, 0x0000000751700000| Complete 
| 172|0x0000000751800000, 0x0000000751900000, 0x0000000751900000|100%| E|CS|TAMS 0x0000000751800000, 0x0000000751800000| Complete 
| 173|0x0000000751900000, 0x0000000751a00000, 0x0000000751a00000|100%| E|CS|TAMS 0x0000000751900000, 0x0000000751900000| Complete 
| 174|0x0000000751a00000, 0x0000000751b00000, 0x0000000751b00000|100%| E|CS|TAMS 0x0000000751a00000, 0x0000000751a00000| Complete 
| 175|0x0000000751b00000, 0x0000000751c00000, 0x0000000751c00000|100%| E|CS|TAMS 0x0000000751b00000, 0x0000000751b00000| Complete 
| 176|0x0000000751c00000, 0x0000000751d00000, 0x0000000751d00000|100%| E|CS|TAMS 0x0000000751c00000, 0x0000000751c00000| Complete 
| 177|0x0000000751d00000, 0x0000000751e00000, 0x0000000751e00000|100%| E|CS|TAMS 0x0000000751d00000, 0x0000000751d00000| Complete 
| 178|0x0000000751e00000, 0x0000000751f00000, 0x0000000751f00000|100%| E|CS|TAMS 0x0000000751e00000, 0x0000000751e00000| Complete 
| 179|0x0000000751f00000, 0x0000000752000000, 0x0000000752000000|100%| E|CS|TAMS 0x0000000751f00000, 0x0000000751f00000| Complete 
| 180|0x0000000752000000, 0x0000000752100000, 0x0000000752100000|100%| E|CS|TAMS 0x0000000752000000, 0x0000000752000000| Complete 
| 181|0x0000000752100000, 0x0000000752200000, 0x0000000752200000|100%| E|CS|TAMS 0x0000000752100000, 0x0000000752100000| Complete 
| 182|0x0000000752200000, 0x0000000752300000, 0x0000000752300000|100%| E|CS|TAMS 0x0000000752200000, 0x0000000752200000| Complete 
| 183|0x0000000752300000, 0x0000000752400000, 0x0000000752400000|100%| E|CS|TAMS 0x0000000752300000, 0x0000000752300000| Complete 
| 184|0x0000000752400000, 0x0000000752500000, 0x0000000752500000|100%| E|CS|TAMS 0x0000000752400000, 0x0000000752400000| Complete 
| 185|0x0000000752500000, 0x0000000752600000, 0x0000000752600000|100%| E|CS|TAMS 0x0000000752500000, 0x0000000752500000| Complete 

Card table byte_map: [0x00007f0734785000,0x00007f0734d4f000] _byte_map_base: 0x00007f0730d4f000

Marking Bits (Prev, Next): (CMBitMap*) 0x00007f07480693e8, (CMBitMap*) 0x00007f0748069420
 Prev Bits: [0x00007f072d1b0000, 0x00007f0730000000)
 Next Bits: [0x00007f072a360000, 0x00007f072d1b0000)

Polling page: 0x00007f074df35000

Metaspace:

Usage:
  Non-class:     14,39 MB capacity,    14,20 MB ( 99%) used,   172,73 KB (  1%) free+waste,    23,81 KB ( <1%) overhead. 
      Class:      1,93 MB capacity,     1,79 MB ( 93%) used,   131,22 KB (  7%) free+waste,    11,50 KB ( <1%) overhead. 
       Both:     16,32 MB capacity,    15,99 MB ( 98%) used,   303,95 KB (  2%) free+waste,    35,31 KB ( <1%) overhead. 

Virtual space:
  Non-class space:       16,00 MB reserved,      14,75 MB ( 92%) committed 
      Class space:        1,00 GB reserved,       2,00 MB ( <1%) committed 
             Both:        1,02 GB reserved,      16,75 MB (  2%) committed 

Chunk freelists:
   Non-Class:  160,00 KB
       Class:  5,00 KB
        Both:  165,00 KB

MaxMetaspaceSize: unlimited
CompressedClassSpaceSize: 1,00 GB
Initial GC threshold: 20,80 MB
Current GC threshold: 20,80 MB
CDS: off

CodeHeap 'non-profiled nmethods': size=120032Kb used=492Kb max_used=492Kb free=119539Kb
 bounds [0x00007f073cfe3000, 0x00007f073d253000, 0x00007f074451b000]
CodeHeap 'profiled nmethods': size=120028Kb used=2802Kb max_used=2802Kb free=117226Kb
 bounds [0x00007f0735aac000, 0x00007f0735d6c000, 0x00007f073cfe3000]
CodeHeap 'non-nmethods': size=5700Kb used=1163Kb max_used=1177Kb free=4536Kb
 bounds [0x00007f073551b000, 0x00007f073578b000, 0x00007f0735aac000]
 total_blobs=1906 nmethods=1481 adapters=339
 compilation: enabled
              stopped_count=0, restarted_count=0
 full_count=0

Compilation events (20 events):
Event: 133,371 Thread 0x00007f07481c7800 nmethod 1472 0x00007f073d05a410 code [0x00007f073d05a620, 0x00007f073d05ad40]
Event: 137,810 Thread 0x00007f07481ca000 1473       3       com.esotericsoftware.kryo.io.Input::readUtf8Length_slow (163 bytes)
Event: 137,811 Thread 0x00007f07481ca000 nmethod 1473 0x00007f0735d68010 code [0x00007f0735d68200, 0x00007f0735d68670]
Event: 138,446 Thread 0x00007f07481c7800 1474       4       java.util.concurrent.locks.ReentrantLock$NonfairSync::tryAcquire (6 bytes)
Event: 138,451 Thread 0x00007f07481c7800 nmethod 1474 0x00007f073d05b310 code [0x00007f073d05b4c0, 0x00007f073d05b698]
Event: 138,454 Thread 0x00007f07481c7800 1475       4       java.util.concurrent.locks.ReentrantLock$Sync::tryRelease (45 bytes)
Event: 138,457 Thread 0x00007f07481c7800 nmethod 1475 0x00007f073d05b790 code [0x00007f073d05b940, 0x00007f073d05ba98]
Event: 140,746 Thread 0x00007f07481c7800 1476       4       java.util.ArrayList::isEmpty (13 bytes)
Event: 140,746 Thread 0x00007f07481c7800 nmethod 1476 0x00007f073d05bb90 code [0x00007f073d05bd20, 0x00007f073d05bd98]
Event: 142,679 Thread 0x00007f07481c7800 1477       4       java.util.HashMap::afterNodeRemoval (1 bytes)
Event: 142,679 Thread 0x00007f07481c7800 nmethod 1477 0x00007f073d05be90 code [0x00007f073d05c020, 0x00007f073d05c078]
Event: 145,246 Thread 0x00007f07481c7800 1478       4       java.lang.Enum::compareTo (44 bytes)
Event: 145,246 Thread 0x00007f07481c7800 nmethod 1478 0x00007f073d05c190 code [0x00007f073d05c320, 0x00007f073d05c3d8]
Event: 145,396 Thread 0x00007f07481c7800 1479       4       org.gradle.internal.serialize.DefaultSerializerRegistry$TaggedTypeSerializer::read (69 bytes)
Event: 145,426 Thread 0x00007f07481c7800 nmethod 1479 0x00007f073d05c490 code [0x00007f073d05c6a0, 0x00007f073d05cea0]
Event: 157,435 Thread 0x00007f07481c7800 1480       4       java.lang.String::<init> (74 bytes)
Event: 157,445 Thread 0x00007f07481c7800 nmethod 1480 0x00007f073d05d590 code [0x00007f073d05d740, 0x00007f073d05db58]
Event: 157,651 Thread 0x00007f07481c7800 1481   !   4       org.gradle.internal.serialize.kryo.KryoBackedDecoder::readSmallLong (16 bytes)
Event: 157,655 Thread 0x00007f07481c7800 nmethod 1481 0x00007f073d05dc90 code [0x00007f073d05de40, 0x00007f073d05df18]
Event: 157,888 Thread 0x00007f07481c7800 1482   !   4       org.gradle.internal.logging.console.ThrottlingOutputEventListener::onOutput (92 bytes)

GC Heap History (2 events):
Event: 0,862 GC heap before
{Heap before GC invocations=0 (full 0):
 garbage-first heap   total 190464K, used 29696K [0x0000000746c00000, 0x0000000800000000)
  region size 1024K, 24 young (24576K), 0 survivors (0K)
 Metaspace       used 10272K, capacity 10534K, committed 10752K, reserved 1058816K
  class space    used 1071K, capacity 1172K, committed 1280K, reserved 1048576K
}
Event: 0,884 GC heap after
{Heap after GC invocations=1 (full 0):
 garbage-first heap   total 190464K, used 8996K [0x0000000746c00000, 0x0000000800000000)
  region size 1024K, 3 young (3072K), 3 survivors (3072K)
 Metaspace       used 10272K, capacity 10534K, committed 10752K, reserved 1058816K
  class space    used 1071K, capacity 1172K, committed 1280K, reserved 1048576K
}

Deoptimization events (20 events):
Event: 1,410 Thread 0x00007f0748c08800 Uncommon trap: trap_request=0xffffff4d fr.pc=0x00007f073cfea994 relative=0x0000000000000074
Event: 1,410 Thread 0x00007f0748c08800 Uncommon trap: reason=unstable_if action=reinterpret pc=0x00007f073cfea994 method=java.lang.String.isLatin1()Z @ 10 c2
Event: 1,410 Thread 0x00007f0748c08800 DEOPT PACKING pc=0x00007f073cfea994 sp=0x00007f0720dd2000
Event: 1,410 Thread 0x00007f0748c08800 DEOPT UNPACKING pc=0x00007f0735564ea5 sp=0x00007f0720dd1f60 mode 2
Event: 1,412 Thread 0x00007f0748c08800 Uncommon trap: trap_request=0xffffff4d fr.pc=0x00007f073d00a5dc relative=0x000000000000041c
Event: 1,412 Thread 0x00007f0748c08800 Uncommon trap: reason=unstable_if action=reinterpret pc=0x00007f073d00a5dc method=java.lang.AbstractStringBuilder.putStringAt(ILjava/lang/String;)V @ 8 c2
Event: 1,412 Thread 0x00007f0748c08800 DEOPT PACKING pc=0x00007f073d00a5dc sp=0x00007f0720dd2370
Event: 1,412 Thread 0x00007f0748c08800 DEOPT UNPACKING pc=0x00007f0735564ea5 sp=0x00007f0720dd2288 mode 2
Event: 1,412 Thread 0x00007f0748c08800 Uncommon trap: trap_request=0xffffff4d fr.pc=0x00007f073cff7fe8 relative=0x0000000000000428
Event: 1,412 Thread 0x00007f0748c08800 Uncommon trap: reason=unstable_if action=reinterpret pc=0x00007f073cff7fe8 method=java.lang.AbstractStringBuilder.putStringAt(ILjava/lang/String;)V @ 8 c2
Event: 1,412 Thread 0x00007f0748c08800 DEOPT PACKING pc=0x00007f073cff7fe8 sp=0x00007f0720dd2320
Event: 1,412 Thread 0x00007f0748c08800 DEOPT UNPACKING pc=0x00007f0735564ea5 sp=0x00007f0720dd2290 mode 2
Event: 1,412 Thread 0x00007f0748c08800 Uncommon trap: trap_request=0xffffff4d fr.pc=0x00007f073cff86f4 relative=0x00000000000000d4
Event: 1,412 Thread 0x00007f0748c08800 Uncommon trap: reason=unstable_if action=reinterpret pc=0x00007f073cff86f4 method=java.lang.String.getBytes([BIB)V @ 5 c2
Event: 1,412 Thread 0x00007f0748c08800 DEOPT PACKING pc=0x00007f073cff86f4 sp=0x00007f0720dd2240
Event: 1,412 Thread 0x00007f0748c08800 DEOPT UNPACKING pc=0x00007f0735564ea5 sp=0x00007f0720dd2208 mode 2
Event: 1,412 Thread 0x00007f0748c08800 Uncommon trap: trap_request=0xffffff4d fr.pc=0x00007f073d02e3d4 relative=0x0000000000000394
Event: 1,412 Thread 0x00007f0748c08800 Uncommon trap: reason=unstable_if action=reinterpret pc=0x00007f073d02e3d4 method=java.lang.AbstractStringBuilder.isLatin1()Z @ 10 c2
Event: 1,412 Thread 0x00007f0748c08800 DEOPT PACKING pc=0x00007f073d02e3d4 sp=0x00007f0720dd23a0
Event: 1,412 Thread 0x00007f0748c08800 DEOPT UNPACKING pc=0x00007f0735564ea5 sp=0x00007f0720dd2320 mode 2

Classes redefined (0 events):
No events

Internal exceptions (16 events):
Event: 0,193 Thread 0x00007f0748014800 Exception <a 'java/lang/NoSuchMethodError'{0x0000000752495ce0}: 'int java.lang.invoke.DirectMethodHandle$Holder.invokeSpecialIFC(java.lang.Object, java.lang.Object, int)'> (0x0000000752495ce0) thrown at [src/hotspot/share/interpreter/linkResolver.cpp, line 773]
Event: 0,286 Thread 0x00007f0748014800 Exception <a 'java/lang/NoSuchMethodError'{0x0000000752232740}: 'int java.lang.invoke.DirectMethodHandle$Holder.invokeStaticInit(java.lang.Object, java.lang.Object)'> (0x0000000752232740) thrown at [src/hotspot/share/interpreter/linkResolver.cpp, line 773]
Event: 0,315 Thread 0x00007f0748014800 Exception <a 'java/lang/NoSuchMethodError'{0x00000007521149d8}: 'int java.lang.invoke.DirectMethodHandle$Holder.invokeSpecial(java.lang.Object, java.lang.Object, java.lang.Object, java.lang.Object)'> (0x00000007521149d8) thrown at [src/hotspot/share/interpreter/linkResolver.cpp, line 773]
Event: 0,826 Thread 0x00007f0748014800 Exception <a 'java/lang/NoClassDefFoundError'{0x0000000750f82f28}: org/slf4j/impl/StaticMarkerBinder> (0x0000000750f82f28) thrown at [src/hotspot/share/classfile/systemDictionary.cpp, line 220]
Event: 0,845 Thread 0x00007f0748014800 Exception <a 'java/lang/NoSuchMethodError'{0x0000000750e78230}: 'java.lang.Object java.lang.invoke.DirectMethodHandle$Holder.invokeVirtual(java.lang.Object, java.lang.Object, java.lang.Object, java.lang.Object, java.lang.Object, java.lang.Object, java.lang.Object)'> (0x0000000750e78230) thrown at [src/hotspot/share/interpreter/linkResolver.cpp, line 773]
Event: 0,849 Thread 0x00007f0748014800 Exception <a 'java/lang/NoSuchMethodError'{0x0000000750e8bf50}: 'java.lang.Object java.lang.invoke.Invokers$Holder.invoker(java.lang.Object, java.lang.Object, java.lang.Object)'> (0x0000000750e8bf50) thrown at [src/hotspot/share/interpreter/linkResolver.cpp, line 773]
Event: 0,852 Thread 0x00007f0748014800 Exception <a 'java/lang/NoSuchMethodError'{0x0000000750e9cbd0}: 'void java.lang.invoke.DelegatingMethodHandle$Holder.delegate(java.lang.Object, java.lang.Object, int, java.lang.Object)'> (0x0000000750e9cbd0) thrown at [src/hotspot/share/interpreter/linkResolver.cpp, line 773]
Event: 0,925 Thread 0x00007f0748014800 Exception <a 'java/lang/UnsatisfiedLinkError'{0x00000007525d71b0}> (0x00000007525d71b0) thrown at [src/hotspot/share/prims/jvm.cpp, line 3464]
Event: 0,925 Thread 0x00007f0748014800 Exception <a 'java/lang/UnsatisfiedLinkError'{0x00000007525d71b0}> (0x00000007525d71b0) thrown at [src/hotspot/share/prims/jni.cpp, line 615]
Event: 1,008 Thread 0x00007f0748014800 Exception <a 'java/lang/NoSuchMethodError'{0x000000075208fe10}: 'java.lang.Object java.lang.invoke.DirectMethodHandle$Holder.invokeInterface(java.lang.Object, java.lang.Object, java.lang.Object)'> (0x000000075208fe10) thrown at [src/hotspot/share/interpreter/linkResolver.cpp, line 773]
Event: 1,076 Thread 0x00007f0748014800 Exception <a 'java/lang/NoSuchMethodError'{0x0000000751d2e528}: 'java.lang.Object java.lang.invoke.DirectMethodHandle$Holder.invokeStaticInit(java.lang.Object, java.lang.Object, java.lang.Object)'> (0x0000000751d2e528) thrown at [src/hotspot/share/interpreter/linkResolver.cpp, line 773]
Event: 1,372 Thread 0x00007f0748c08800 Exception <a 'java/lang/NoSuchMethodError'{0x00000007510b45a0}: 'java.lang.Object java.lang.invoke.DirectMethodHandle$Holder.invokeStaticInit(java.lang.Object, java.lang.Object, long, java.lang.Object)'> (0x00000007510b45a0) thrown at [src/hotspot/share/interpreter/linkResolver.cpp, line 773]
Event: 1,374 Thread 0x00007f0748c08800 Exception <a 'java/lang/NoSuchMethodError'{0x00000007510c06c0}: 'java.lang.Object java.lang.invoke.Invokers$Holder.linkToTargetMethod(java.lang.Object, long, java.lang.Object)'> (0x00000007510c06c0) thrown at [src/hotspot/share/interpreter/linkResolver.cpp, line 773]
Event: 1,374 Thread 0x00007f0748c08800 Exception <a 'java/lang/NoSuchMethodError'{0x00000007510c6790}: 'java.lang.Object java.lang.invoke.DirectMethodHandle$Holder.invokeStatic(java.lang.Object, java.lang.Object, java.lang.Object, int)'> (0x00000007510c6790) thrown at [src/hotspot/share/interpreter/linkResolver.cpp, line 773]
Event: 1,375 Thread 0x00007f0748c08800 Exception <a 'java/lang/NoSuchMethodError'{0x00000007510ca408}: 'java.lang.Object java.lang.invoke.DirectMethodHandle$Holder.invokeSpecial(java.lang.Object, java.lang.Object, java.lang.Object, java.lang.Object, int)'> (0x00000007510ca408) thrown at [src/hotspot/share/interpreter/linkResolver.cpp, line 773]
Event: 1,377 Thread 0x00007f0748c08800 Exception <a 'java/lang/NoSuchMethodError'{0x00000007510cd8a0}: 'java.lang.Object java.lang.invoke.Invokers$Holder.linkToTargetMethod(java.lang.Object, java.lang.Object, int, java.lang.Object)'> (0x00000007510cd8a0) thrown at [src/hotspot/share/interpreter/linkResolver.cpp, line 773]

Events (20 events):
Event: 15,503 loading class jdk/internal/reflect/UTF8 done
Event: 15,505 loading class jdk/internal/reflect/Label
Event: 15,505 loading class jdk/internal/reflect/Label done
Event: 15,505 loading class jdk/internal/reflect/Label$PatchInfo
Event: 15,505 loading class jdk/internal/reflect/Label$PatchInfo done
Event: 15,505 loading class jdk/internal/reflect/MethodAccessorGenerator$1
Event: 15,505 loading class jdk/internal/reflect/MethodAccessorGenerator$1 done
Event: 15,505 loading class jdk/internal/reflect/ClassDefiner
Event: 15,505 loading class jdk/internal/reflect/ClassDefiner done
Event: 15,505 loading class jdk/internal/reflect/ClassDefiner$1
Event: 15,505 loading class jdk/internal/reflect/ClassDefiner$1 done
Event: 86,452 loading class org/gradle/internal/logging/events/StyledTextOutputEvent$Span
Event: 86,452 loading class org/gradle/internal/logging/events/StyledTextOutputEvent$Span done
Event: 86,453 loading class org/gradle/internal/logging/events/operations/StyledTextBuildOperationProgressDetails$Span
Event: 86,453 loading class org/gradle/internal/logging/events/operations/StyledTextBuildOperationProgressDetails$Span done
Event: 86,453 loading class org/gradle/internal/operations/logging/StyledTextBuildOperationProgressDetails$Span
Event: 86,453 loading class org/gradle/internal/operations/logging/StyledTextBuildOperationProgressDetails$Span done
Event: 86,546 loading class org/gradle/internal/logging/text/AbstractLineChoppingStyledTextOutput$StateContext
Event: 86,546 loading class org/gradle/internal/logging/text/AbstractLineChoppingStyledTextOutput$StateContext done
Event: 129,699 Loaded shared library /opt/android-studio-2021.2.1/android-studio/jre/lib/libnio.so


Dynamic libraries:
00200000-00201000 r--p 00000000 08:25 3670954                            /opt/android-studio-2021.2.1/android-studio/jre/bin/java
00201000-00202000 r-xp 00000000 08:25 3670954                            /opt/android-studio-2021.2.1/android-studio/jre/bin/java
00202000-00203000 r--p 00000000 08:25 3670954                            /opt/android-studio-2021.2.1/android-studio/jre/bin/java
00203000-00204000 rw-p 00000000 08:25 3670954                            /opt/android-studio-2021.2.1/android-studio/jre/bin/java
01ed6000-01ef7000 rw-p 00000000 00:00 0                                  [heap]
746c00000-752600000 rw-p 00000000 00:00 0 
752600000-800000000 ---p 00000000 00:00 0 
800000000-800200000 rw-p 00000000 00:00 0 
800200000-840000000 ---p 00000000 00:00 0 
7f06c8000000-7f06c8021000 rw-p 00000000 00:00 0 
7f06c8021000-7f06cc000000 ---p 00000000 00:00 0 
7f06d0000000-7f06d0021000 rw-p 00000000 00:00 0 
7f06d0021000-7f06d4000000 ---p 00000000 00:00 0 
7f06d4000000-7f06d4021000 rw-p 00000000 00:00 0 
7f06d4021000-7f06d8000000 ---p 00000000 00:00 0 
7f06d8000000-7f06d8021000 rw-p 00000000 00:00 0 
7f06d8021000-7f06dc000000 ---p 00000000 00:00 0 
7f06dc000000-7f06dc03b000 rw-p 00000000 00:00 0 
7f06dc03b000-7f06e0000000 ---p 00000000 00:00 0 
7f06e0000000-7f06e0021000 rw-p 00000000 00:00 0 
7f06e0021000-7f06e4000000 ---p 00000000 00:00 0 
7f06e4000000-7f06e4021000 rw-p 00000000 00:00 0 
7f06e4021000-7f06e8000000 ---p 00000000 00:00 0 
7f06e8000000-7f06e8021000 rw-p 00000000 00:00 0 
7f06e8021000-7f06ec000000 ---p 00000000 00:00 0 
7f06ec000000-7f06ec021000 rw-p 00000000 00:00 0 
7f06ec021000-7f06f0000000 ---p 00000000 00:00 0 
7f06f0000000-7f06f0021000 rw-p 00000000 00:00 0 
7f06f0021000-7f06f4000000 ---p 00000000 00:00 0 
7f06f4000000-7f06f4021000 rw-p 00000000 00:00 0 
7f06f4021000-7f06f8000000 ---p 00000000 00:00 0 
7f06f8000000-7f06f8471000 rw-p 00000000 00:00 0 
7f06f8471000-7f06fc000000 ---p 00000000 00:00 0 
7f06fc000000-7f06fc2cc000 rw-p 00000000 00:00 0 
7f06fc2cc000-7f0700000000 ---p 00000000 00:00 0 
7f0700000000-7f0700021000 rw-p 00000000 00:00 0 
7f0700021000-7f0704000000 ---p 00000000 00:00 0 
7f0704000000-7f0704021000 rw-p 00000000 00:00 0 
7f0704021000-7f0708000000 ---p 00000000 00:00 0 
7f0708000000-7f0708021000 rw-p 00000000 00:00 0 
7f0708021000-7f070c000000 ---p 00000000 00:00 0 
7f070c000000-7f070c021000 rw-p 00000000 00:00 0 
7f070c021000-7f0710000000 ---p 00000000 00:00 0 
7f0710000000-7f0710021000 rw-p 00000000 00:00 0 
7f0710021000-7f0714000000 ---p 00000000 00:00 0 
7f0714000000-7f0714021000 rw-p 00000000 00:00 0 
7f0714021000-7f0718000000 ---p 00000000 00:00 0 
7f0718000000-7f0718021000 rw-p 00000000 00:00 0 
7f0718021000-7f071c000000 ---p 00000000 00:00 0 
7f071c000000-7f071c021000 rw-p 00000000 00:00 0 
7f071c021000-7f0720000000 ---p 00000000 00:00 0 
7f072054d000-7f0720994000 rw-p 00000000 00:00 0 
7f0720994000-7f0720ad4000 ---p 00000000 00:00 0 
7f0720ad4000-7f0720ad8000 ---p 00000000 00:00 0 
7f0720ad8000-7f0720bd4000 rw-p 00000000 00:00 0 
7f0720bd4000-7f0720bd8000 ---p 00000000 00:00 0 
7f0720bd8000-7f0720cd4000 rw-p 00000000 00:00 0 
7f0720cd4000-7f0720cd8000 ---p 00000000 00:00 0 
7f0720cd8000-7f0720fd4000 rw-p 00000000 00:00 0 
7f0720fd4000-7f07211d4000 rw-p 00000000 00:00 0 
7f07211d4000-7f072126e000 r--p 00000000 08:25 7478442                    /usr/lib/x86_64-linux-gnu/libstdc++.so.6.0.30
7f072126e000-7f072137f000 r-xp 0009a000 08:25 7478442                    /usr/lib/x86_64-linux-gnu/libstdc++.so.6.0.30
7f072137f000-7f07213ef000 r--p 001ab000 08:25 7478442                    /usr/lib/x86_64-linux-gnu/libstdc++.so.6.0.30
7f07213ef000-7f07213fa000 r--p 0021a000 08:25 7478442                    /usr/lib/x86_64-linux-gnu/libstdc++.so.6.0.30
7f07213fa000-7f07213fd000 rw-p 00225000 08:25 7478442                    /usr/lib/x86_64-linux-gnu/libstdc++.so.6.0.30
7f07213fd000-7f0721400000 rw-p 00000000 00:00 0 
7f0721400000-7f0721404000 r-xp 00000000 08:25 12723573                   /home/i-am-is-are/.gradle/native/e1d6ef7f7dcc3fd88c89a11ec53ec762bb8ba0a96d01ffa2cd45eb1d1d8dd5c5/linux-amd64-ncurses6/libnative-platform-curses.so
7f0721404000-7f0721603000 ---p 00004000 08:25 12723573                   /home/i-am-is-are/.gradle/native/e1d6ef7f7dcc3fd88c89a11ec53ec762bb8ba0a96d01ffa2cd45eb1d1d8dd5c5/linux-amd64-ncurses6/libnative-platform-curses.so
7f0721603000-7f0721604000 r--p 00003000 08:25 12723573                   /home/i-am-is-are/.gradle/native/e1d6ef7f7dcc3fd88c89a11ec53ec762bb8ba0a96d01ffa2cd45eb1d1d8dd5c5/linux-amd64-ncurses6/libnative-platform-curses.so
7f0721604000-7f0721605000 rw-p 00004000 08:25 12723573                   /home/i-am-is-are/.gradle/native/e1d6ef7f7dcc3fd88c89a11ec53ec762bb8ba0a96d01ffa2cd45eb1d1d8dd5c5/linux-amd64-ncurses6/libnative-platform-curses.so
7f0721700000-7f0721704000 ---p 00000000 00:00 0 
7f0721704000-7f0721800000 rw-p 00000000 00:00 0 
7f0721800000-7f0721805000 r-xp 00000000 08:25 12723563                   /home/i-am-is-are/.gradle/native/e1d6ef7f7dcc3fd88c89a11ec53ec762bb8ba0a96d01ffa2cd45eb1d1d8dd5c5/linux-amd64/libnative-platform.so
7f0721805000-7f0721a05000 ---p 00005000 08:25 12723563                   /home/i-am-is-are/.gradle/native/e1d6ef7f7dcc3fd88c89a11ec53ec762bb8ba0a96d01ffa2cd45eb1d1d8dd5c5/linux-amd64/libnative-platform.so
7f0721a05000-7f0721a06000 r--p 00005000 08:25 12723563                   /home/i-am-is-are/.gradle/native/e1d6ef7f7dcc3fd88c89a11ec53ec762bb8ba0a96d01ffa2cd45eb1d1d8dd5c5/linux-amd64/libnative-platform.so
7f0721a06000-7f0721a07000 rw-p 00006000 08:25 12723563                   /home/i-am-is-are/.gradle/native/e1d6ef7f7dcc3fd88c89a11ec53ec762bb8ba0a96d01ffa2cd45eb1d1d8dd5c5/linux-amd64/libnative-platform.so
7f0721a16000-7f0721a1a000 ---p 00000000 00:00 0 
7f0721a1a000-7f0721a38000 rw-p 00000000 00:00 0 
7f0721a38000-7f0721a3b000 r--p 00000000 08:25 7477655                    /usr/lib/x86_64-linux-gnu/libgcc_s.so.1
7f0721a3b000-7f0721a52000 r-xp 00003000 08:25 7477655                    /usr/lib/x86_64-linux-gnu/libgcc_s.so.1
7f0721a52000-7f0721a56000 r--p 0001a000 08:25 7477655                    /usr/lib/x86_64-linux-gnu/libgcc_s.so.1
7f0721a56000-7f0721a57000 r--p 0001d000 08:25 7477655                    /usr/lib/x86_64-linux-gnu/libgcc_s.so.1
7f0721a57000-7f0721a58000 rw-p 0001e000 08:25 7477655                    /usr/lib/x86_64-linux-gnu/libgcc_s.so.1
7f0721a58000-7f0721a66000 r--p 00000000 08:25 7478484                    /usr/lib/x86_64-linux-gnu/libtinfo.so.6.3
7f0721a66000-7f0721a77000 r-xp 0000e000 08:25 7478484                    /usr/lib/x86_64-linux-gnu/libtinfo.so.6.3
7f0721a77000-7f0721a85000 r--p 0001f000 08:25 7478484                    /usr/lib/x86_64-linux-gnu/libtinfo.so.6.3
7f0721a85000-7f0721a89000 r--p 0002c000 08:25 7478484                    /usr/lib/x86_64-linux-gnu/libtinfo.so.6.3
7f0721a89000-7f0721a8a000 rw-p 00030000 08:25 7478484                    /usr/lib/x86_64-linux-gnu/libtinfo.so.6.3
7f0721a8a000-7f0721a92000 r--p 00000000 08:25 7478070                    /usr/lib/x86_64-linux-gnu/libncursesw.so.6.3
7f0721a92000-7f0721abb000 r-xp 00008000 08:25 7478070                    /usr/lib/x86_64-linux-gnu/libncursesw.so.6.3
7f0721abb000-7f0721ac3000 r--p 00031000 08:25 7478070                    /usr/lib/x86_64-linux-gnu/libncursesw.so.6.3
7f0721ac3000-7f0721ac4000 ---p 00039000 08:25 7478070                    /usr/lib/x86_64-linux-gnu/libncursesw.so.6.3
7f0721ac4000-7f0721ac5000 r--p 00039000 08:25 7478070                    /usr/lib/x86_64-linux-gnu/libncursesw.so.6.3
7f0721ac5000-7f0721ac6000 rw-p 0003a000 08:25 7478070                    /usr/lib/x86_64-linux-gnu/libncursesw.so.6.3
7f0721ac6000-7f0721ac7000 ---p 00000000 00:00 0 
7f0721ac7000-7f0721bc8000 rw-p 00000000 00:00 0 
7f0721bc8000-7f0721bc9000 ---p 00000000 00:00 0 
7f0721bc9000-7f0721cca000 rw-p 00000000 00:00 0 
7f0721cca000-7f0721ccb000 ---p 00000000 00:00 0 
7f0721ccb000-7f0721fcc000 rw-p 00000000 00:00 0 
7f0721fcc000-7f0721ffd000 rw-p 00000000 00:00 0 
7f0721ffd000-7f0722001000 ---p 00000000 00:00 0 
7f0722001000-7f07220fd000 rw-p 00000000 00:00 0 
7f07220fd000-7f07220fe000 ---p 00000000 00:00 0 
7f07220fe000-7f07221ff000 rw-p 00000000 00:00 0 
7f07221ff000-7f0722203000 ---p 00000000 00:00 0 
7f0722203000-7f07222ff000 rw-p 00000000 00:00 0 
7f07222ff000-7f0722303000 ---p 00000000 00:00 0 
7f0722303000-7f07223ff000 rw-p 00000000 00:00 0 
7f07223ff000-7f0722403000 ---p 00000000 00:00 0 
7f0722403000-7f07224ff000 rw-p 00000000 00:00 0 
7f07224ff000-7f0722503000 ---p 00000000 00:00 0 
7f0722503000-7f07225ff000 rw-p 00000000 00:00 0 
7f07225ff000-7f0722603000 ---p 00000000 00:00 0 
7f0722603000-7f07226ff000 rw-p 00000000 00:00 0 
7f07226ff000-7f0722c73000 r--p 00000000 08:25 7471216                    /usr/lib/locale/locale-archive
7f0722c73000-7f0722c77000 ---p 00000000 00:00 0 
7f0722c77000-7f0722d73000 rw-p 00000000 00:00 0 
7f0722d73000-7f0722d77000 ---p 00000000 00:00 0 
7f0722d77000-7f0722e73000 rw-p 00000000 00:00 0 
7f0722e73000-7f0722e74000 ---p 00000000 00:00 0 
7f0722e74000-7f07237f6000 rw-p 00000000 00:00 0 
7f07237f6000-7f07237f7000 ---p 00000000 00:00 0 
7f07237f7000-7f07238f8000 rw-p 00000000 00:00 0 
7f07238f8000-7f07238f9000 ---p 00000000 00:00 0 
7f07238f9000-7f0724000000 rw-p 00000000 00:00 0 
7f0724000000-7f0724021000 rw-p 00000000 00:00 0 
7f0724021000-7f0728000000 ---p 00000000 00:00 0 
7f0728001000-7f072a25e000 rw-p 00000000 00:00 0 
7f072a25e000-7f072a25f000 ---p 00000000 00:00 0 
7f072a25f000-7f072a648000 rw-p 00000000 00:00 0 
7f072a648000-7f072d1b0000 ---p 00000000 00:00 0 
7f072d1b0000-7f072d498000 rw-p 00000000 00:00 0 
7f072d498000-7f0730000000 ---p 00000000 00:00 0 
7f0730000000-7f0730021000 rw-p 00000000 00:00 0 
7f0730021000-7f0734000000 ---p 00000000 00:00 0 
7f0734011000-7f0734018000 r--s 00000000 08:25 8132276                    /usr/lib/x86_64-linux-gnu/gconv/gconv-modules.cache
7f0734018000-7f0734019000 r--p 00000000 08:25 3670905                    /opt/android-studio-2021.2.1/android-studio/jre/lib/libextnet.so
7f0734019000-7f073401b000 r-xp 00000000 08:25 3670905                    /opt/android-studio-2021.2.1/android-studio/jre/lib/libextnet.so
7f073401b000-7f073401c000 r--p 00001000 08:25 3670905                    /opt/android-studio-2021.2.1/android-studio/jre/lib/libextnet.so
7f073401c000-7f073401d000 rw-p 00001000 08:25 3670905                    /opt/android-studio-2021.2.1/android-studio/jre/lib/libextnet.so
7f073401d000-7f0734020000 r--p 00000000 08:25 3670913                    /opt/android-studio-2021.2.1/android-studio/jre/lib/libmanagement_ext.so
7f0734020000-7f0734023000 r-xp 00002000 08:25 3670913                    /opt/android-studio-2021.2.1/android-studio/jre/lib/libmanagement_ext.so
7f0734023000-7f0734024000 r--p 00004000 08:25 3670913                    /opt/android-studio-2021.2.1/android-studio/jre/lib/libmanagement_ext.so
7f0734024000-7f0734025000 rw-p 00004000 08:25 3670913                    /opt/android-studio-2021.2.1/android-studio/jre/lib/libmanagement_ext.so
7f0734025000-7f073402c000 r--p 00000000 08:25 3670919                    /opt/android-studio-2021.2.1/android-studio/jre/lib/libnet.so
7f073402c000-7f073403a000 r-xp 00006000 08:25 3670919                    /opt/android-studio-2021.2.1/android-studio/jre/lib/libnet.so
7f073403a000-7f073403b000 r--p 00013000 08:25 3670919                    /opt/android-studio-2021.2.1/android-studio/jre/lib/libnet.so
7f073403b000-7f073403d000 rw-p 00013000 08:25 3670919                    /opt/android-studio-2021.2.1/android-studio/jre/lib/libnet.so
7f073403d000-7f0734045000 r--p 00000000 08:25 3670917                    /opt/android-studio-2021.2.1/android-studio/jre/lib/libnio.so
7f0734045000-7f073404c000 r-xp 00007000 08:25 3670917                    /opt/android-studio-2021.2.1/android-studio/jre/lib/libnio.so
7f073404c000-7f073404e000 r--p 0000d000 08:25 3670917                    /opt/android-studio-2021.2.1/android-studio/jre/lib/libnio.so
7f073404e000-7f073404f000 rw-p 0000e000 08:25 3670917                    /opt/android-studio-2021.2.1/android-studio/jre/lib/libnio.so
7f073404f000-7f07340b9000 rw-p 00000000 00:00 0 
7f07340b9000-7f07340ba000 ---p 00000000 00:00 0 
7f07340ba000-7f0734218000 rw-p 00000000 00:00 0 
7f0734218000-7f0734785000 ---p 00000000 00:00 0 
7f0734785000-7f07347e2000 rw-p 00000000 00:00 0 
7f07347e2000-7f0734d4f000 ---p 00000000 00:00 0 
7f0734d4f000-7f0734dac000 rw-p 00000000 00:00 0 
7f0734dac000-7f0735319000 ---p 00000000 00:00 0 
7f0735319000-7f073551b000 rw-p 00000000 00:00 0 
7f073551b000-7f073578b000 rwxp 00000000 00:00 0 
7f073578b000-7f0735aac000 ---p 00000000 00:00 0 
7f0735aac000-7f0735d6c000 rwxp 00000000 00:00 0 
7f0735d6c000-7f073cfe3000 ---p 00000000 00:00 0 
7f073cfe3000-7f073d253000 rwxp 00000000 00:00 0 
7f073d253000-7f074451b000 ---p 00000000 00:00 0 
7f074451b000-7f0748000000 r--s 00000000 08:25 3670835                    /opt/android-studio-2021.2.1/android-studio/jre/lib/modules
7f0748000000-7f0748c2e000 rw-p 00000000 00:00 0 
7f0748c2e000-7f074c000000 ---p 00000000 00:00 0 
7f074c000000-7f074c003000 r--p 00000000 08:25 3670925                    /opt/android-studio-2021.2.1/android-studio/jre/lib/libmanagement.so
7f074c003000-7f074c005000 r-xp 00002000 08:25 3670925                    /opt/android-studio-2021.2.1/android-studio/jre/lib/libmanagement.so
7f074c005000-7f074c006000 r--p 00003000 08:25 3670925                    /opt/android-studio-2021.2.1/android-studio/jre/lib/libmanagement.so
7f074c006000-7f074c007000 rw-p 00003000 08:25 3670925                    /opt/android-studio-2021.2.1/android-studio/jre/lib/libmanagement.so
7f074c007000-7f074c6cd000 rw-p 00000000 00:00 0 
7f074c6cd000-7f074c6ce000 ---p 00000000 00:00 0 
7f074c6ce000-7f074c7d4000 rw-p 00000000 00:00 0 
7f074c7d4000-7f074c8ba000 ---p 00000000 00:00 0 
7f074c8ba000-7f074c8c0000 rw-p 00000000 00:00 0 
7f074c8c0000-7f074c9a5000 ---p 00000000 00:00 0 
7f074c9a5000-7f074c9aa000 rw-p 00000000 00:00 0 
7f074c9aa000-7f074c9b1000 ---p 00000000 00:00 0 
7f074c9b1000-7f074c9ba000 r--p 00000000 08:25 3670914                    /opt/android-studio-2021.2.1/android-studio/jre/lib/libzip.so
7f074c9ba000-7f074c9ce000 r-xp 00008000 08:25 3670914                    /opt/android-studio-2021.2.1/android-studio/jre/lib/libzip.so
7f074c9ce000-7f074c9cf000 r--p 0001b000 08:25 3670914                    /opt/android-studio-2021.2.1/android-studio/jre/lib/libzip.so
7f074c9cf000-7f074c9d0000 rw-p 0001b000 08:25 3670914                    /opt/android-studio-2021.2.1/android-studio/jre/lib/libzip.so
7f074c9d0000-7f074c9db000 r--p 00000000 08:25 3670901                    /opt/android-studio-2021.2.1/android-studio/jre/lib/libjimage.so
7f074c9db000-7f074c9ed000 r-xp 0000a000 08:25 3670901                    /opt/android-studio-2021.2.1/android-studio/jre/lib/libjimage.so
7f074c9ed000-7f074c9f0000 r--p 0001b000 08:25 3670901                    /opt/android-studio-2021.2.1/android-studio/jre/lib/libjimage.so
7f074c9f0000-7f074c9f1000 rw-p 0001d000 08:25 3670901                    /opt/android-studio-2021.2.1/android-studio/jre/lib/libjimage.so
7f074c9f1000-7f074ca03000 rw-p 00000000 00:00 0 
7f074ca03000-7f074ca15000 r--p 00000000 08:25 3670909                    /opt/android-studio-2021.2.1/android-studio/jre/lib/libjava.so
7f074ca15000-7f074ca2a000 r-xp 00011000 08:25 3670909                    /opt/android-studio-2021.2.1/android-studio/jre/lib/libjava.so
7f074ca2a000-7f074ca2b000 r--p 00025000 08:25 3670909                    /opt/android-studio-2021.2.1/android-studio/jre/lib/libjava.so
7f074ca2b000-7f074ca2d000 rw-p 00025000 08:25 3670909                    /opt/android-studio-2021.2.1/android-studio/jre/lib/libjava.so
7f074ca2d000-7f074ca2e000 r--p 00000000 08:25 7473289                    /usr/lib/x86_64-linux-gnu/librt.so.1
7f074ca2e000-7f074ca2f000 r-xp 00001000 08:25 7473289                    /usr/lib/x86_64-linux-gnu/librt.so.1
7f074ca2f000-7f074ca30000 r--p 00002000 08:25 7473289                    /usr/lib/x86_64-linux-gnu/librt.so.1
7f074ca30000-7f074ca31000 r--p 00002000 08:25 7473289                    /usr/lib/x86_64-linux-gnu/librt.so.1
7f074ca31000-7f074ca32000 rw-p 00003000 08:25 7473289                    /usr/lib/x86_64-linux-gnu/librt.so.1
7f074ca32000-7f074ca36000 ---p 00000000 00:00 0 
7f074ca36000-7f074cb32000 rw-p 00000000 00:00 0 
7f074cb32000-7f074cb40000 r--p 00000000 08:25 7473257                    /usr/lib/x86_64-linux-gnu/libm.so.6
7f074cb40000-7f074cbbc000 r-xp 0000e000 08:25 7473257                    /usr/lib/x86_64-linux-gnu/libm.so.6
7f074cbbc000-7f074cc17000 r--p 0008a000 08:25 7473257                    /usr/lib/x86_64-linux-gnu/libm.so.6
7f074cc17000-7f074cc18000 r--p 000e4000 08:25 7473257                    /usr/lib/x86_64-linux-gnu/libm.so.6
7f074cc18000-7f074cc19000 rw-p 000e5000 08:25 7473257                    /usr/lib/x86_64-linux-gnu/libm.so.6
7f074cc19000-7f074d132000 r--p 00000000 08:25 3670880                    /opt/android-studio-2021.2.1/android-studio/jre/lib/server/libjvm.so
7f074d132000-7f074db76000 r-xp 00518000 08:25 3670880                    /opt/android-studio-2021.2.1/android-studio/jre/lib/server/libjvm.so
7f074db76000-7f074dc3e000 r--p 00f5b000 08:25 3670880                    /opt/android-studio-2021.2.1/android-studio/jre/lib/server/libjvm.so
7f074dc3e000-7f074dc76000 rw-p 01022000 08:25 3670880                    /opt/android-studio-2021.2.1/android-studio/jre/lib/server/libjvm.so
7f074dc76000-7f074dce0000 rw-p 00000000 00:00 0 
7f074dce0000-7f074dd08000 r--p 00000000 08:25 7473249                    /usr/lib/x86_64-linux-gnu/libc.so.6
7f074dd08000-7f074de9d000 r-xp 00028000 08:25 7473249                    /usr/lib/x86_64-linux-gnu/libc.so.6
7f074de9d000-7f074def5000 r--p 001bd000 08:25 7473249                    /usr/lib/x86_64-linux-gnu/libc.so.6
7f074def5000-7f074def9000 r--p 00214000 08:25 7473249                    /usr/lib/x86_64-linux-gnu/libc.so.6
7f074def9000-7f074defb000 rw-p 00218000 08:25 7473249                    /usr/lib/x86_64-linux-gnu/libc.so.6
7f074defb000-7f074df08000 rw-p 00000000 00:00 0 
7f074df08000-7f074df09000 r--p 00000000 08:25 7473253                    /usr/lib/x86_64-linux-gnu/libdl.so.2
7f074df09000-7f074df0a000 r-xp 00001000 08:25 7473253                    /usr/lib/x86_64-linux-gnu/libdl.so.2
7f074df0a000-7f074df0b000 r--p 00002000 08:25 7473253                    /usr/lib/x86_64-linux-gnu/libdl.so.2
7f074df0b000-7f074df0c000 r--p 00002000 08:25 7473253                    /usr/lib/x86_64-linux-gnu/libdl.so.2
7f074df0c000-7f074df0d000 rw-p 00003000 08:25 7473253                    /usr/lib/x86_64-linux-gnu/libdl.so.2
7f074df0d000-7f074df15000 r--p 00000000 08:25 3670923                    /opt/android-studio-2021.2.1/android-studio/jre/lib/jli/libjli.so
7f074df15000-7f074df24000 r-xp 00007000 08:25 3670923                    /opt/android-studio-2021.2.1/android-studio/jre/lib/jli/libjli.so
7f074df24000-7f074df25000 r--p 00015000 08:25 3670923                    /opt/android-studio-2021.2.1/android-studio/jre/lib/jli/libjli.so
7f074df25000-7f074df27000 rw-p 00015000 08:25 3670923                    /opt/android-studio-2021.2.1/android-studio/jre/lib/jli/libjli.so
7f074df27000-7f074df28000 r--p 00000000 08:25 7473284                    /usr/lib/x86_64-linux-gnu/libpthread.so.0
7f074df28000-7f074df29000 r-xp 00001000 08:25 7473284                    /usr/lib/x86_64-linux-gnu/libpthread.so.0
7f074df29000-7f074df2a000 r--p 00002000 08:25 7473284                    /usr/lib/x86_64-linux-gnu/libpthread.so.0
7f074df2a000-7f074df2b000 r--p 00002000 08:25 7473284                    /usr/lib/x86_64-linux-gnu/libpthread.so.0
7f074df2b000-7f074df2c000 rw-p 00003000 08:25 7473284                    /usr/lib/x86_64-linux-gnu/libpthread.so.0
7f074df2d000-7f074df35000 rw-s 00000000 08:25 265549                     /tmp/hsperfdata_i-am-is-are/92103
7f074df35000-7f074df36000 ---p 00000000 00:00 0 
7f074df36000-7f074df37000 r--p 00000000 00:00 0 
7f074df37000-7f074df3d000 r--p 00000000 08:25 3670884                    /opt/android-studio-2021.2.1/android-studio/jre/lib/libverify.so
7f074df3d000-7f074df46000 r-xp 00005000 08:25 3670884                    /opt/android-studio-2021.2.1/android-studio/jre/lib/libverify.so
7f074df46000-7f074df48000 r--p 0000d000 08:25 3670884                    /opt/android-studio-2021.2.1/android-studio/jre/lib/libverify.so
7f074df48000-7f074df49000 rw-p 0000e000 08:25 3670884                    /opt/android-studio-2021.2.1/android-studio/jre/lib/libverify.so
7f074df49000-7f074df4b000 rw-p 00000000 00:00 0 
7f074df4b000-7f074df4d000 r--p 00000000 08:25 7473241                    /usr/lib/x86_64-linux-gnu/ld-linux-x86-64.so.2
7f074df4d000-7f074df77000 r-xp 00002000 08:25 7473241                    /usr/lib/x86_64-linux-gnu/ld-linux-x86-64.so.2
7f074df77000-7f074df82000 r--p 0002c000 08:25 7473241                    /usr/lib/x86_64-linux-gnu/ld-linux-x86-64.so.2
7f074df83000-7f074df85000 r--p 00037000 08:25 7473241                    /usr/lib/x86_64-linux-gnu/ld-linux-x86-64.so.2
7f074df85000-7f074df87000 rw-p 00039000 08:25 7473241                    /usr/lib/x86_64-linux-gnu/ld-linux-x86-64.so.2
7ffc2332f000-7ffc23351000 rw-p 00000000 00:00 0                          [stack]
7ffc233d7000-7ffc233db000 r--p 00000000 00:00 0                          [vvar]
7ffc233db000-7ffc233dd000 r-xp 00000000 00:00 0                          [vdso]
ffffffffff600000-ffffffffff601000 --xp 00000000 00:00 0                  [vsyscall]


VM Arguments:
jvm_args: -Dorg.gradle.appname=gradlew 
java_command: org.gradle.wrapper.GradleWrapperMain -q -Ptarget-platform=android-x86 -Ptarget=/home/i-am-is-are/1) PKM 2022/doctor app/clinet_update/Hallo_Doctor_Client_Firebase/lib/main.dart -Pbase-application-name=android.app.Application -Pdart-defines=RkxVVFRFUl9XRUJfQVVUT19ERVRFQ1Q9dHJ1ZQ== -Pdart-obfuscation=false -Ptrack-widget-creation=true -Ptree-shake-icons=false -Pfilesystem-scheme=org-dartlang-root assembleDebug
java_class_path (initial): /home/i-am-is-are/1) PKM 2022/doctor app/clinet_update/Hallo_Doctor_Client_Firebase/android/gradle/wrapper/gradle-wrapper.jar
Launcher Type: SUN_STANDARD

[Global flags]
     intx CICompilerCount                          = 4                                         {product} {ergonomic}
     uint ConcGCThreads                            = 2                                         {product} {ergonomic}
     uint G1ConcRefinementThreads                  = 8                                         {product} {ergonomic}
   size_t G1HeapRegionSize                         = 1048576                                   {product} {ergonomic}
    uintx GCDrainStackTargetSize                   = 64                                        {product} {ergonomic}
   size_t InitialHeapSize                          = 195035136                                 {product} {ergonomic}
   size_t MarkStackSize                            = 4194304                                   {product} {ergonomic}
   size_t MaxHeapSize                              = 3107979264                                {product} {ergonomic}
   size_t MaxNewSize                               = 1864368128                                {product} {ergonomic}
   size_t MinHeapDeltaBytes                        = 1048576                                   {product} {ergonomic}
    uintx NonNMethodCodeHeapSize                   = 5836300                                {pd product} {ergonomic}
    uintx NonProfiledCodeHeapSize                  = 122910970                              {pd product} {ergonomic}
    uintx ProfiledCodeHeapSize                     = 122910970                              {pd product} {ergonomic}
    uintx ReservedCodeCacheSize                    = 251658240                              {pd product} {ergonomic}
     bool SegmentedCodeCache                       = true                                      {product} {ergonomic}
     bool UseCompressedClassPointers               = true                                 {lp64_product} {ergonomic}
     bool UseCompressedOops                        = true                                 {lp64_product} {ergonomic}
     bool UseG1GC                                  = true                                      {product} {ergonomic}

Logging:
Log output configuration:
 #0: stdout all=warning uptime,level,tags
 #1: stderr all=off uptime,level,tags

Environment Variables:
JAVA_HOME=/opt/android-studio-2021.2.1/android-studio/jre
PATH=/snap/flutter/current/usr/bin:/snap/flutter/current/bin:/home/i-am-is-are/snap/flutter/common/flutter/bin:/home/i-am-is-are/.local/bin:/home/i-am-is-are/miniconda3/bin:/home/i-am-is-are/miniconda3/condabin:/home/i-am-is-are/.nvm/versions/node/v16.16.0/bin:/home/i-am-is-are/.local/bin:/usr/local/sbin:/usr/local/bin:/usr/sbin:/usr/bin:/sbin:/bin:/usr/games:/usr/local/games:/snap/bin:/snap/bin:/home/i-am-is-are/.pub-cache/bin
USERNAME=i-am-is-are
SHELL=/bin/bash
DISPLAY=:0
LANG=en_US.UTF-8

Signal Handlers:
SIGSEGV: [libjvm.so+0xee4ba0], sa_mask[0]=11111111011111111101111111111110, sa_flags=SA_RESTART|SA_SIGINFO
SIGBUS: [libjvm.so+0xee4ba0], sa_mask[0]=11111111011111111101111111111110, sa_flags=SA_RESTART|SA_SIGINFO
SIGFPE: [libjvm.so+0xee4ba0], sa_mask[0]=11111111011111111101111111111110, sa_flags=SA_RESTART|SA_SIGINFO
SIGPIPE: [libjvm.so+0xd35390], sa_mask[0]=11111111011111111101111111111110, sa_flags=SA_RESTART|SA_SIGINFO
SIGXFSZ: [libjvm.so+0xd35390], sa_mask[0]=11111111011111111101111111111110, sa_flags=SA_RESTART|SA_SIGINFO
SIGILL: [libjvm.so+0xee4ba0], sa_mask[0]=11111111011111111101111111111110, sa_flags=SA_RESTART|SA_SIGINFO
SIGUSR2: [libjvm.so+0xd35a70], sa_mask[0]=00000000000000000000010000000000, sa_flags=SA_RESTART|SA_SIGINFO
SIGHUP: [libjvm.so+0xd324d0], sa_mask[0]=11111111011111111101111111111110, sa_flags=SA_RESTART|SA_SIGINFO
SIGINT: [libjvm.so+0xd324d0], sa_mask[0]=11111111011111111101111111111110, sa_flags=SA_RESTART|SA_SIGINFO
SIGTERM: [libjvm.so+0xd324d0], sa_mask[0]=11111111011111111101111111111110, sa_flags=SA_RESTART|SA_SIGINFO
SIGQUIT: [libjvm.so+0xd324d0], sa_mask[0]=11111111011111111101111111111110, sa_flags=SA_RESTART|SA_SIGINFO


---------------  S Y S T E M  ---------------

OS:DISTRIB_ID=Ubuntu
DISTRIB_RELEASE=22.04
DISTRIB_CODENAME=jammy
DISTRIB_DESCRIPTION="Ubuntu 22.04.1 LTS"
uname:Linux 5.15.0-46-generic #49-Ubuntu SMP Thu Aug 4 18:03:25 UTC 2022 x86_64
OS uptime: 0 days 1:58 hours
libc:glibc 2.35 NPTL 2.35 
rlimit (soft/hard): STACK 8192k/infinity , CORE 0k/infinity , NPROC 47127/47127 , NOFILE 1048576/1048576 , AS infinity/infinity , CPU infinity/infinity , DATA infinity/infinity , FSIZE infinity/infinity , MEMLOCK 1517456k/1517456k
load average:12,48 4,99 3,47

/proc/meminfo:
MemTotal:       12139660 kB
MemFree:          144080 kB
MemAvailable:    2479528 kB
Buffers:          114124 kB
Cached:          4020212 kB
SwapCached:       484092 kB
Active:          4018388 kB
Inactive:        7053468 kB
Active(anon):    2744412 kB
Inactive(anon):  6022024 kB
Active(file):    1273976 kB
Inactive(file):  1031444 kB
Unevictable:       59684 kB
Mlocked:              96 kB
SwapTotal:      11717628 kB
SwapFree:        3040512 kB
Dirty:             82104 kB
Writeback:             0 kB
AnonPages:       6516864 kB
Mapped:          1836128 kB
Shmem:           1827688 kB
KReclaimable:     354380 kB
Slab:             589992 kB
SReclaimable:     354380 kB
SUnreclaim:       235612 kB
KernelStack:       34500 kB
PageTables:       111732 kB
NFS_Unstable:          0 kB
Bounce:                0 kB
WritebackTmp:          0 kB
CommitLimit:    17787456 kB
Committed_AS:   33356084 kB
VmallocTotal:   34359738367 kB
VmallocUsed:       86536 kB
VmallocChunk:          0 kB
Percpu:             9088 kB
HardwareCorrupted:     0 kB
AnonHugePages:         0 kB
ShmemHugePages:        0 kB
ShmemPmdMapped:        0 kB
FileHugePages:         0 kB
FilePmdMapped:         0 kB
HugePages_Total:       0
HugePages_Free:        0
HugePages_Rsvd:        0
HugePages_Surp:        0
Hugepagesize:       2048 kB
Hugetlb:               0 kB
DirectMap4k:      516724 kB
DirectMap2M:    11950080 kB
DirectMap1G:           0 kB

/sys/kernel/mm/transparent_hugepage/enabled:
always [madvise] never
/sys/kernel/mm/transparent_hugepage/defrag (defrag/compaction efforts parameter):
always defer defer+madvise [madvise] never

Process Memory:
Virtual Size: 6206884K (peak: 6266760K)
Resident Set Size: 62768K (peak: 102884K) (anon: 52292K, file: 10476K, shmem: 0K)
Swapped out: 28072K
C-Heap outstanding allocations: 15993K

/proc/sys/kernel/threads-max (system-wide limit on the number of threads):
94254
/proc/sys/vm/max_map_count (maximum number of memory map areas a process may have):
65530
/proc/sys/kernel/pid_max (system-wide limit on number of process identifiers):
4194304

Steal ticks since vm start: 0
Steal ticks percentage since vm start:  0,000

CPU:total 8 (initial active 8) (4 cores per cpu, 2 threads per core) family 6 model 142 stepping 10 microcode 0xf0, cmov, cx8, fxsr, mmx, sse, sse2, sse3, ssse3, sse4.1, sse4.2, popcnt, avx, avx2, aes, clmul, erms, 3dnowpref, lzcnt, ht, tsc, tscinvbit, bmi1, bmi2, adx, fma
CPU Model and flags from /proc/cpuinfo:
model name	: Intel(R) Core(TM) i5-8250U CPU @ 1.60GHz
flags		: fpu vme de pse tsc msr pae mce cx8 apic sep mtrr pge mca cmov pat pse36 clflush dts acpi mmx fxsr sse sse2 ss ht tm pbe syscall nx pdpe1gb rdtscp lm constant_tsc art arch_perfmon pebs bts rep_good nopl xtopology nonstop_tsc cpuid aperfmperf pni pclmulqdq dtes64 monitor ds_cpl vmx est tm2 ssse3 sdbg fma cx16 xtpr pdcm pcid sse4_1 sse4_2 x2apic movbe popcnt tsc_deadline_timer aes xsave avx f16c rdrand lahf_lm abm 3dnowprefetch cpuid_fault epb invpcid_single pti ssbd ibrs ibpb stibp tpr_shadow vnmi flexpriority ept vpid ept_ad fsgsbase tsc_adjust bmi1 avx2 smep bmi2 erms invpcid mpx rdseed adx smap clflushopt intel_pt xsaveopt xsavec xgetbv1 xsaves dtherm ida arat pln pts hwp hwp_notify hwp_act_window hwp_epp md_clear flush_l1d arch_capabilities
Online cpus:
0-7
Offline cpus:

BIOS frequency limitation:
<Not Available>
Frequency switch latency (ns):
0
Available cpu frequencies:
<Not Available>
Current governor:
powersave
Core performance/turbo boost:
<Not Available>

Memory: 4k page, physical 12139660k(143576k free), swap 11717628k(3040768k free)

vm_info: OpenJDK 64-Bit Server VM (11.0.12+0-b1504.28-7817840) for linux-amd64 JRE (11.0.12+0-b1504.28-7817840), built on Oct 12 2021 23:39:06 by "androidbuild" with gcc Android (7284624, based on r416183b) Clang 12.0.5 (https://android.googlesource.com/toolchain/llvm-project c935d99d7cf2016289302412d708641d52d2f7ee)

END.
